[0.065s] Invoking command in '/home/danlil240/dev_ws/build/cpp_pubsub': CMAKE_PREFIX_PATH=${CMAKE_PREFIX_PATH}:/opt/ros/foxy /usr/bin/cmake --build /home/danlil240/dev_ws/build/cpp_pubsub -- -j8 -l8
[0.152s] Invoked command in '/home/danlil240/dev_ws/build/cpp_pubsub' returned '0': CMAKE_PREFIX_PATH=${CMAKE_PREFIX_PATH}:/opt/ros/foxy /usr/bin/cmake --build /home/danlil240/dev_ws/build/cpp_pubsub -- -j8 -l8
[0.222s] Invoking command in '/home/danlil240/dev_ws/build/cpp_pubsub': CMAKE_PREFIX_PATH=${CMAKE_PREFIX_PATH}:/opt/ros/foxy /usr/bin/cmake --install /home/danlil240/dev_ws/build/cpp_pubsub
[0.246s] -- Install configuration: ""
[0.246s] -- Up-to-date: /home/danlil240/dev_ws/install/cpp_pubsub/share/ament_index/resource_index/package_run_dependencies/cpp_pubsub
[0.249s] -- Up-to-date: /home/danlil240/dev_ws/install/cpp_pubsub/share/ament_index/resource_index/parent_prefix_path/cpp_pubsub
[0.250s] -- Up-to-date: /home/danlil240/dev_ws/install/cpp_pubsub/share/cpp_pubsub/environment/ament_prefix_path.sh
[0.251s] -- Up-to-date: /home/danlil240/dev_ws/install/cpp_pubsub/share/cpp_pubsub/environment/ament_prefix_path.dsv
[0.252s] -- Up-to-date: /home/danlil240/dev_ws/install/cpp_pubsub/share/cpp_pubsub/environment/path.sh
[0.254s] -- Up-to-date: /home/danlil240/dev_ws/install/cpp_pubsub/share/cpp_pubsub/environment/path.dsv
[0.254s] -- Up-to-date: /home/danlil240/dev_ws/install/cpp_pubsub/share/cpp_pubsub/local_setup.bash
[0.255s] -- Up-to-date: /home/danlil240/dev_ws/install/cpp_pubsub/share/cpp_pubsub/local_setup.sh
[0.255s] -- Up-to-date: /home/danlil240/dev_ws/install/cpp_pubsub/share/cpp_pubsub/local_setup.zsh
[0.256s] -- Up-to-date: /home/danlil240/dev_ws/install/cpp_pubsub/share/cpp_pubsub/local_setup.dsv
[0.256s] -- Up-to-date: /home/danlil240/dev_ws/install/cpp_pubsub/share/cpp_pubsub/package.dsv
[0.257s] -- Up-to-date: /home/danlil240/dev_ws/install/cpp_pubsub/share/ament_index/resource_index/packages/cpp_pubsub
[0.257s] -- Up-to-date: /home/danlil240/dev_ws/install/cpp_pubsub/share/cpp_pubsub/cmake/cpp_pubsubConfig.cmake
[0.257s] -- Up-to-date: /home/danlil240/dev_ws/install/cpp_pubsub/share/cpp_pubsub/cmake/cpp_pubsubConfig-version.cmake
[0.258s] -- Up-to-date: /home/danlil240/dev_ws/install/cpp_pubsub/share/cpp_pubsub/package.xml
[0.268s] Invoked command in '/home/danlil240/dev_ws/build/cpp_pubsub' returned '0': CMAKE_PREFIX_PATH=${CMAKE_PREFIX_PATH}:/opt/ros/foxy /usr/bin/cmake --install /home/danlil240/dev_ws/build/cpp_pubsub
