[0.055s] Invoking command in '/home/danlil240/dev_ws/build/my_package': CMAKE_PREFIX_PATH=${CMAKE_PREFIX_PATH}:/opt/ros/foxy /usr/bin/cmake --build /home/danlil240/dev_ws/build/my_package -- -j8 -l8
[0.186s] [100%] Built target my_node
[0.211s] Invoked command in '/home/danlil240/dev_ws/build/my_package' returned '0': CMAKE_PREFIX_PATH=${CMAKE_PREFIX_PATH}:/opt/ros/foxy /usr/bin/cmake --build /home/danlil240/dev_ws/build/my_package -- -j8 -l8
[0.298s] Invoking command in '/home/danlil240/dev_ws/build/my_package': CMAKE_PREFIX_PATH=${CMAKE_PREFIX_PATH}:/opt/ros/foxy /usr/bin/cmake --install /home/danlil240/dev_ws/build/my_package
[0.314s] -- Install configuration: ""
[0.315s] -- Up-to-date: /home/danlil240/dev_ws/install/my_package/lib/my_package/my_node
[0.316s] -- Up-to-date: /home/danlil240/dev_ws/install/my_package/share/ament_index/resource_index/package_run_dependencies/my_package
[0.317s] -- Up-to-date: /home/danlil240/dev_ws/install/my_package/share/ament_index/resource_index/parent_prefix_path/my_package
[0.317s] -- Up-to-date: /home/danlil240/dev_ws/install/my_package/share/my_package/environment/ament_prefix_path.sh
[0.317s] -- Up-to-date: /home/danlil240/dev_ws/install/my_package/share/my_package/environment/ament_prefix_path.dsv
[0.317s] -- Up-to-date: /home/danlil240/dev_ws/install/my_package/share/my_package/environment/path.sh
[0.317s] -- Up-to-date: /home/danlil240/dev_ws/install/my_package/share/my_package/environment/path.dsv
[0.318s] -- Up-to-date: /home/danlil240/dev_ws/install/my_package/share/my_package/local_setup.bash
[0.318s] -- Up-to-date: /home/danlil240/dev_ws/install/my_package/share/my_package/local_setup.sh
[0.318s] -- Up-to-date: /home/danlil240/dev_ws/install/my_package/share/my_package/local_setup.zsh
[0.319s] -- Up-to-date: /home/danlil240/dev_ws/install/my_package/share/my_package/local_setup.dsv
[0.319s] -- Installing: /home/danlil240/dev_ws/install/my_package/share/my_package/package.dsv
[0.319s] -- Up-to-date: /home/danlil240/dev_ws/install/my_package/share/ament_index/resource_index/packages/my_package
[0.319s] -- Up-to-date: /home/danlil240/dev_ws/install/my_package/share/my_package/cmake/my_packageConfig.cmake
[0.319s] -- Up-to-date: /home/danlil240/dev_ws/install/my_package/share/my_package/cmake/my_packageConfig-version.cmake
[0.319s] -- Up-to-date: /home/danlil240/dev_ws/install/my_package/share/my_package/package.xml
[0.322s] Invoked command in '/home/danlil240/dev_ws/build/my_package' returned '0': CMAKE_PREFIX_PATH=${CMAKE_PREFIX_PATH}:/opt/ros/foxy /usr/bin/cmake --install /home/danlil240/dev_ws/build/my_package
