[0.024s] Invoking command in '/home/danlil240/dev_ws/build/turtlesim': CMAKE_PREFIX_PATH=/opt/ros/foxy /usr/bin/cmake --build /home/danlil240/dev_ws/build/turtlesim -- -j8 -l8
[0.098s] [  1%] Built target turtlesim__cpp
[0.101s] [ 11%] Built target turtlesim__rosidl_generator_c
[0.148s] [ 21%] Built target turtlesim__rosidl_typesupport_introspection_cpp
[0.152s] [ 31%] Built target turtlesim__rosidl_typesupport_cpp
[0.156s] [ 51%] Built target turtlesim__rosidl_typesupport_c
[0.156s] [ 51%] Built target turtlesim__rosidl_typesupport_introspection_c
[0.161s] [ 61%] Built target turtlesim__rosidl_typesupport_fastrtps_cpp
[0.198s] [ 71%] Built target turtlesim__rosidl_typesupport_fastrtps_c
[0.226s] [ 71%] Built target turtlesim
[0.270s] [ 72%] Built target turtlesim__py
[0.271s] [35m[1mScanning dependencies of target turtlesim_node[0m
[0.287s] [ 74%] Built target mimic
[0.294s] [ 76%] Built target turtle_teleop_key
[0.297s] [ 78%] Built target draw_square
[0.326s] [ 87%] Built target turtlesim__python
[0.372s] [ 88%] [32mBuilding CXX object CMakeFiles/turtlesim_node.dir/src/turtle_frame.cpp.o[0m
[0.376s] [ 90%] Built target turtlesim__rosidl_typesupport_introspection_c__pyext
[0.378s] [ 92%] Built target turtlesim__rosidl_typesupport_c__pyext
[0.382s] [ 94%] Built target turtlesim__rosidl_typesupport_fastrtps_c__pyext
[10.806s] [ 95%] [32m[1mLinking CXX executable turtlesim_node[0m
[13.763s] [100%] Built target turtlesim_node
[13.788s] Invoked command in '/home/danlil240/dev_ws/build/turtlesim' returned '0': CMAKE_PREFIX_PATH=/opt/ros/foxy /usr/bin/cmake --build /home/danlil240/dev_ws/build/turtlesim -- -j8 -l8
[14.126s] Invoking command in '/home/danlil240/dev_ws/build/turtlesim': CMAKE_PREFIX_PATH=/opt/ros/foxy /usr/bin/cmake --install /home/danlil240/dev_ws/build/turtlesim
[14.139s] -- Install configuration: ""
[14.140s] -- Up-to-date: /home/danlil240/dev_ws/install/turtlesim/share/ament_index/resource_index/rosidl_interfaces/turtlesim
[14.141s] -- Up-to-date: /home/danlil240/dev_ws/install/turtlesim/include/turtlesim
[14.141s] -- Up-to-date: /home/danlil240/dev_ws/install/turtlesim/include/turtlesim/srv
[14.142s] -- Up-to-date: /home/danlil240/dev_ws/install/turtlesim/include/turtlesim/srv/set_pen.h
[14.142s] -- Up-to-date: /home/danlil240/dev_ws/install/turtlesim/include/turtlesim/srv/teleport_relative.h
[14.142s] -- Up-to-date: /home/danlil240/dev_ws/install/turtlesim/include/turtlesim/srv/kill.h
[14.143s] -- Up-to-date: /home/danlil240/dev_ws/install/turtlesim/include/turtlesim/srv/spawn.h
[14.143s] -- Up-to-date: /home/danlil240/dev_ws/install/turtlesim/include/turtlesim/srv/detail
[14.143s] -- Up-to-date: /home/danlil240/dev_ws/install/turtlesim/include/turtlesim/srv/detail/teleport_absolute__type_support.h
[14.144s] -- Up-to-date: /home/danlil240/dev_ws/install/turtlesim/include/turtlesim/srv/detail/teleport_relative__functions.h
[14.144s] -- Up-to-date: /home/danlil240/dev_ws/install/turtlesim/include/turtlesim/srv/detail/teleport_absolute__struct.h
[14.144s] -- Up-to-date: /home/danlil240/dev_ws/install/turtlesim/include/turtlesim/srv/detail/spawn__type_support.h
[14.145s] -- Up-to-date: /home/danlil240/dev_ws/install/turtlesim/include/turtlesim/srv/detail/teleport_absolute__functions.h
[14.145s] -- Up-to-date: /home/danlil240/dev_ws/install/turtlesim/include/turtlesim/srv/detail/set_pen__type_support.h
[14.146s] -- Up-to-date: /home/danlil240/dev_ws/install/turtlesim/include/turtlesim/srv/detail/kill__type_support.h
[14.146s] -- Up-to-date: /home/danlil240/dev_ws/install/turtlesim/include/turtlesim/srv/detail/set_pen__functions.c
[14.147s] -- Up-to-date: /home/danlil240/dev_ws/install/turtlesim/include/turtlesim/srv/detail/set_pen__functions.h
[14.148s] -- Up-to-date: /home/danlil240/dev_ws/install/turtlesim/include/turtlesim/srv/detail/teleport_relative__type_support.h
[14.148s] -- Up-to-date: /home/danlil240/dev_ws/install/turtlesim/include/turtlesim/srv/detail/kill__functions.c
[14.148s] -- Up-to-date: /home/danlil240/dev_ws/install/turtlesim/include/turtlesim/srv/detail/kill__functions.h
[14.149s] -- Up-to-date: /home/danlil240/dev_ws/install/turtlesim/include/turtlesim/srv/detail/spawn__struct.h
[14.149s] -- Up-to-date: /home/danlil240/dev_ws/install/turtlesim/include/turtlesim/srv/detail/teleport_relative__functions.c
[14.150s] -- Up-to-date: /home/danlil240/dev_ws/install/turtlesim/include/turtlesim/srv/detail/kill__struct.h
[14.151s] -- Up-to-date: /home/danlil240/dev_ws/install/turtlesim/include/turtlesim/srv/detail/teleport_relative__struct.h
[14.151s] -- Up-to-date: /home/danlil240/dev_ws/install/turtlesim/include/turtlesim/srv/detail/set_pen__struct.h
[14.151s] -- Up-to-date: /home/danlil240/dev_ws/install/turtlesim/include/turtlesim/srv/detail/spawn__functions.c
[14.151s] -- Up-to-date: /home/danlil240/dev_ws/install/turtlesim/include/turtlesim/srv/detail/spawn__functions.h
[14.152s] -- Up-to-date: /home/danlil240/dev_ws/install/turtlesim/include/turtlesim/srv/detail/teleport_absolute__functions.c
[14.152s] -- Up-to-date: /home/danlil240/dev_ws/install/turtlesim/include/turtlesim/srv/teleport_absolute.h
[14.152s] -- Up-to-date: /home/danlil240/dev_ws/install/turtlesim/include/turtlesim/action
[14.153s] -- Up-to-date: /home/danlil240/dev_ws/install/turtlesim/include/turtlesim/action/detail
[14.154s] -- Up-to-date: /home/danlil240/dev_ws/install/turtlesim/include/turtlesim/action/detail/rotate_absolute__type_support.h
[14.154s] -- Up-to-date: /home/danlil240/dev_ws/install/turtlesim/include/turtlesim/action/detail/rotate_absolute__functions.c
[14.155s] -- Up-to-date: /home/danlil240/dev_ws/install/turtlesim/include/turtlesim/action/detail/rotate_absolute__functions.h
[14.156s] -- Up-to-date: /home/danlil240/dev_ws/install/turtlesim/include/turtlesim/action/detail/rotate_absolute__struct.h
[14.156s] -- Up-to-date: /home/danlil240/dev_ws/install/turtlesim/include/turtlesim/action/rotate_absolute.h
[14.157s] -- Up-to-date: /home/danlil240/dev_ws/install/turtlesim/include/turtlesim/msg
[14.158s] -- Up-to-date: /home/danlil240/dev_ws/install/turtlesim/include/turtlesim/msg/detail
[14.158s] -- Up-to-date: /home/danlil240/dev_ws/install/turtlesim/include/turtlesim/msg/detail/pose__struct.h
[14.158s] -- Up-to-date: /home/danlil240/dev_ws/install/turtlesim/include/turtlesim/msg/detail/color__functions.h
[14.158s] -- Up-to-date: /home/danlil240/dev_ws/install/turtlesim/include/turtlesim/msg/detail/pose__functions.c
[14.159s] -- Up-to-date: /home/danlil240/dev_ws/install/turtlesim/include/turtlesim/msg/detail/pose__functions.h
[14.159s] -- Up-to-date: /home/danlil240/dev_ws/install/turtlesim/include/turtlesim/msg/detail/color__struct.h
[14.160s] -- Up-to-date: /home/danlil240/dev_ws/install/turtlesim/include/turtlesim/msg/detail/color__type_support.h
[14.160s] -- Up-to-date: /home/danlil240/dev_ws/install/turtlesim/include/turtlesim/msg/detail/pose__type_support.h
[14.160s] -- Up-to-date: /home/danlil240/dev_ws/install/turtlesim/include/turtlesim/msg/detail/color__functions.c
[14.161s] -- Up-to-date: /home/danlil240/dev_ws/install/turtlesim/include/turtlesim/msg/color.h
[14.161s] -- Up-to-date: /home/danlil240/dev_ws/install/turtlesim/include/turtlesim/msg/rosidl_generator_c__visibility_control.h
[14.162s] -- Up-to-date: /home/danlil240/dev_ws/install/turtlesim/include/turtlesim/msg/pose.h
[14.162s] -- Up-to-date: /home/danlil240/dev_ws/install/turtlesim/share/turtlesim/environment/library_path.sh
[14.162s] -- Up-to-date: /home/danlil240/dev_ws/install/turtlesim/share/turtlesim/environment/library_path.dsv
[14.162s] -- Up-to-date: /home/danlil240/dev_ws/install/turtlesim/lib/libturtlesim__rosidl_generator_c.so
[14.162s] -- Up-to-date: /home/danlil240/dev_ws/install/turtlesim/include/turtlesim
[14.162s] -- Up-to-date: /home/danlil240/dev_ws/install/turtlesim/include/turtlesim/srv
[14.162s] -- Up-to-date: /home/danlil240/dev_ws/install/turtlesim/include/turtlesim/srv/detail
[14.163s] -- Up-to-date: /home/danlil240/dev_ws/install/turtlesim/include/turtlesim/srv/detail/teleport_relative__rosidl_typesupport_fastrtps_c.h
[14.163s] -- Up-to-date: /home/danlil240/dev_ws/install/turtlesim/include/turtlesim/srv/detail/set_pen__rosidl_typesupport_fastrtps_c.h
[14.163s] -- Up-to-date: /home/danlil240/dev_ws/install/turtlesim/include/turtlesim/srv/detail/teleport_absolute__rosidl_typesupport_fastrtps_c.h
[14.163s] -- Up-to-date: /home/danlil240/dev_ws/install/turtlesim/include/turtlesim/srv/detail/spawn__rosidl_typesupport_fastrtps_c.h
[14.163s] -- Up-to-date: /home/danlil240/dev_ws/install/turtlesim/include/turtlesim/srv/detail/kill__rosidl_typesupport_fastrtps_c.h
[14.164s] -- Up-to-date: /home/danlil240/dev_ws/install/turtlesim/include/turtlesim/action
[14.164s] -- Up-to-date: /home/danlil240/dev_ws/install/turtlesim/include/turtlesim/action/detail
[14.164s] -- Up-to-date: /home/danlil240/dev_ws/install/turtlesim/include/turtlesim/action/detail/rotate_absolute__rosidl_typesupport_fastrtps_c.h
[14.164s] -- Up-to-date: /home/danlil240/dev_ws/install/turtlesim/include/turtlesim/msg
[14.165s] -- Up-to-date: /home/danlil240/dev_ws/install/turtlesim/include/turtlesim/msg/rosidl_typesupport_fastrtps_c__visibility_control.h
[14.165s] -- Up-to-date: /home/danlil240/dev_ws/install/turtlesim/include/turtlesim/msg/detail
[14.165s] -- Up-to-date: /home/danlil240/dev_ws/install/turtlesim/include/turtlesim/msg/detail/pose__rosidl_typesupport_fastrtps_c.h
[14.165s] -- Up-to-date: /home/danlil240/dev_ws/install/turtlesim/include/turtlesim/msg/detail/color__rosidl_typesupport_fastrtps_c.h
[14.166s] -- Up-to-date: /home/danlil240/dev_ws/install/turtlesim/lib/libturtlesim__rosidl_typesupport_fastrtps_c.so
[14.166s] -- Up-to-date: /home/danlil240/dev_ws/install/turtlesim/include/turtlesim
[14.166s] -- Up-to-date: /home/danlil240/dev_ws/install/turtlesim/include/turtlesim/srv
[14.166s] -- Up-to-date: /home/danlil240/dev_ws/install/turtlesim/include/turtlesim/srv/detail
[14.166s] -- Up-to-date: /home/danlil240/dev_ws/install/turtlesim/include/turtlesim/srv/detail/kill__rosidl_typesupport_fastrtps_cpp.hpp
[14.167s] -- Up-to-date: /home/danlil240/dev_ws/install/turtlesim/include/turtlesim/srv/detail/spawn__rosidl_typesupport_fastrtps_cpp.hpp
[14.167s] -- Up-to-date: /home/danlil240/dev_ws/install/turtlesim/include/turtlesim/srv/detail/teleport_relative__rosidl_typesupport_fastrtps_cpp.hpp
[14.167s] -- Up-to-date: /home/danlil240/dev_ws/install/turtlesim/include/turtlesim/srv/detail/dds_fastrtps
[14.167s] -- Up-to-date: /home/danlil240/dev_ws/install/turtlesim/include/turtlesim/srv/detail/teleport_absolute__rosidl_typesupport_fastrtps_cpp.hpp
[14.167s] -- Up-to-date: /home/danlil240/dev_ws/install/turtlesim/include/turtlesim/srv/detail/set_pen__rosidl_typesupport_fastrtps_cpp.hpp
[14.168s] -- Up-to-date: /home/danlil240/dev_ws/install/turtlesim/include/turtlesim/action
[14.168s] -- Up-to-date: /home/danlil240/dev_ws/install/turtlesim/include/turtlesim/action/detail
[14.168s] -- Up-to-date: /home/danlil240/dev_ws/install/turtlesim/include/turtlesim/action/detail/rotate_absolute__rosidl_typesupport_fastrtps_cpp.hpp
[14.168s] -- Up-to-date: /home/danlil240/dev_ws/install/turtlesim/include/turtlesim/action/detail/dds_fastrtps
[14.168s] -- Up-to-date: /home/danlil240/dev_ws/install/turtlesim/include/turtlesim/msg
[14.169s] -- Up-to-date: /home/danlil240/dev_ws/install/turtlesim/include/turtlesim/msg/rosidl_typesupport_fastrtps_cpp__visibility_control.h
[14.169s] -- Up-to-date: /home/danlil240/dev_ws/install/turtlesim/include/turtlesim/msg/detail
[14.169s] -- Up-to-date: /home/danlil240/dev_ws/install/turtlesim/include/turtlesim/msg/detail/color__rosidl_typesupport_fastrtps_cpp.hpp
[14.169s] -- Up-to-date: /home/danlil240/dev_ws/install/turtlesim/include/turtlesim/msg/detail/dds_fastrtps
[14.170s] -- Up-to-date: /home/danlil240/dev_ws/install/turtlesim/include/turtlesim/msg/detail/pose__rosidl_typesupport_fastrtps_cpp.hpp
[14.170s] -- Up-to-date: /home/danlil240/dev_ws/install/turtlesim/lib/libturtlesim__rosidl_typesupport_fastrtps_cpp.so
[14.170s] -- Up-to-date: /home/danlil240/dev_ws/install/turtlesim/include/turtlesim
[14.171s] -- Up-to-date: /home/danlil240/dev_ws/install/turtlesim/include/turtlesim/srv
[14.171s] -- Up-to-date: /home/danlil240/dev_ws/install/turtlesim/include/turtlesim/srv/detail
[14.171s] -- Up-to-date: /home/danlil240/dev_ws/install/turtlesim/include/turtlesim/srv/detail/kill__type_support.c
[14.171s] -- Up-to-date: /home/danlil240/dev_ws/install/turtlesim/include/turtlesim/srv/detail/kill__rosidl_typesupport_introspection_c.h
[14.171s] -- Up-to-date: /home/danlil240/dev_ws/install/turtlesim/include/turtlesim/srv/detail/teleport_relative__rosidl_typesupport_introspection_c.h
[14.171s] -- Up-to-date: /home/danlil240/dev_ws/install/turtlesim/include/turtlesim/srv/detail/set_pen__type_support.c
[14.171s] -- Up-to-date: /home/danlil240/dev_ws/install/turtlesim/include/turtlesim/srv/detail/teleport_relative__type_support.c
[14.171s] -- Up-to-date: /home/danlil240/dev_ws/install/turtlesim/include/turtlesim/srv/detail/spawn__rosidl_typesupport_introspection_c.h
[14.172s] -- Up-to-date: /home/danlil240/dev_ws/install/turtlesim/include/turtlesim/srv/detail/set_pen__rosidl_typesupport_introspection_c.h
[14.172s] -- Up-to-date: /home/danlil240/dev_ws/install/turtlesim/include/turtlesim/srv/detail/teleport_absolute__type_support.c
[14.172s] -- Up-to-date: /home/danlil240/dev_ws/install/turtlesim/include/turtlesim/srv/detail/teleport_absolute__rosidl_typesupport_introspection_c.h
[14.172s] -- Up-to-date: /home/danlil240/dev_ws/install/turtlesim/include/turtlesim/srv/detail/spawn__type_support.c
[14.172s] -- Up-to-date: /home/danlil240/dev_ws/install/turtlesim/include/turtlesim/action
[14.172s] -- Up-to-date: /home/danlil240/dev_ws/install/turtlesim/include/turtlesim/action/detail
[14.172s] -- Up-to-date: /home/danlil240/dev_ws/install/turtlesim/include/turtlesim/action/detail/rotate_absolute__rosidl_typesupport_introspection_c.h
[14.172s] -- Up-to-date: /home/danlil240/dev_ws/install/turtlesim/include/turtlesim/action/detail/rotate_absolute__type_support.c
[14.173s] -- Up-to-date: /home/danlil240/dev_ws/install/turtlesim/include/turtlesim/msg
[14.173s] -- Up-to-date: /home/danlil240/dev_ws/install/turtlesim/include/turtlesim/msg/rosidl_typesupport_introspection_c__visibility_control.h
[14.173s] -- Up-to-date: /home/danlil240/dev_ws/install/turtlesim/include/turtlesim/msg/detail
[14.173s] -- Up-to-date: /home/danlil240/dev_ws/install/turtlesim/include/turtlesim/msg/detail/color__type_support.c
[14.173s] -- Up-to-date: /home/danlil240/dev_ws/install/turtlesim/include/turtlesim/msg/detail/color__rosidl_typesupport_introspection_c.h
[14.173s] -- Up-to-date: /home/danlil240/dev_ws/install/turtlesim/include/turtlesim/msg/detail/pose__rosidl_typesupport_introspection_c.h
[14.173s] -- Up-to-date: /home/danlil240/dev_ws/install/turtlesim/include/turtlesim/msg/detail/pose__type_support.c
[14.173s] -- Up-to-date: /home/danlil240/dev_ws/install/turtlesim/lib/libturtlesim__rosidl_typesupport_introspection_c.so
[14.174s] -- Up-to-date: /home/danlil240/dev_ws/install/turtlesim/lib/libturtlesim__rosidl_typesupport_c.so
[14.174s] -- Up-to-date: /home/danlil240/dev_ws/install/turtlesim/include/turtlesim
[14.174s] -- Up-to-date: /home/danlil240/dev_ws/install/turtlesim/include/turtlesim/srv
[14.174s] -- Up-to-date: /home/danlil240/dev_ws/install/turtlesim/include/turtlesim/srv/kill.hpp
[14.174s] -- Up-to-date: /home/danlil240/dev_ws/install/turtlesim/include/turtlesim/srv/set_pen.hpp
[14.174s] -- Up-to-date: /home/danlil240/dev_ws/install/turtlesim/include/turtlesim/srv/spawn.hpp
[14.174s] -- Up-to-date: /home/danlil240/dev_ws/install/turtlesim/include/turtlesim/srv/detail
[14.174s] -- Up-to-date: /home/danlil240/dev_ws/install/turtlesim/include/turtlesim/srv/detail/set_pen__builder.hpp
[14.174s] -- Up-to-date: /home/danlil240/dev_ws/install/turtlesim/include/turtlesim/srv/detail/kill__builder.hpp
[14.175s] -- Up-to-date: /home/danlil240/dev_ws/install/turtlesim/include/turtlesim/srv/detail/kill__struct.hpp
[14.175s] -- Up-to-date: /home/danlil240/dev_ws/install/turtlesim/include/turtlesim/srv/detail/kill__traits.hpp
[14.175s] -- Up-to-date: /home/danlil240/dev_ws/install/turtlesim/include/turtlesim/srv/detail/teleport_relative__builder.hpp
[14.175s] -- Up-to-date: /home/danlil240/dev_ws/install/turtlesim/include/turtlesim/srv/detail/set_pen__traits.hpp
[14.175s] -- Up-to-date: /home/danlil240/dev_ws/install/turtlesim/include/turtlesim/srv/detail/spawn__builder.hpp
[14.176s] -- Up-to-date: /home/danlil240/dev_ws/install/turtlesim/include/turtlesim/srv/detail/teleport_relative__struct.hpp
[14.176s] -- Up-to-date: /home/danlil240/dev_ws/install/turtlesim/include/turtlesim/srv/detail/teleport_absolute__struct.hpp
[14.176s] -- Up-to-date: /home/danlil240/dev_ws/install/turtlesim/include/turtlesim/srv/detail/set_pen__struct.hpp
[14.176s] -- Up-to-date: /home/danlil240/dev_ws/install/turtlesim/include/turtlesim/srv/detail/teleport_absolute__builder.hpp
[14.176s] -- Up-to-date: /home/danlil240/dev_ws/install/turtlesim/include/turtlesim/srv/detail/teleport_relative__traits.hpp
[14.176s] -- Up-to-date: /home/danlil240/dev_ws/install/turtlesim/include/turtlesim/srv/detail/teleport_absolute__traits.hpp
[14.176s] -- Up-to-date: /home/danlil240/dev_ws/install/turtlesim/include/turtlesim/srv/detail/spawn__struct.hpp
[14.176s] -- Up-to-date: /home/danlil240/dev_ws/install/turtlesim/include/turtlesim/srv/detail/spawn__traits.hpp
[14.176s] -- Up-to-date: /home/danlil240/dev_ws/install/turtlesim/include/turtlesim/srv/teleport_absolute.hpp
[14.177s] -- Up-to-date: /home/danlil240/dev_ws/install/turtlesim/include/turtlesim/srv/teleport_relative.hpp
[14.177s] -- Up-to-date: /home/danlil240/dev_ws/install/turtlesim/include/turtlesim/action
[14.177s] -- Up-to-date: /home/danlil240/dev_ws/install/turtlesim/include/turtlesim/action/detail
[14.177s] -- Up-to-date: /home/danlil240/dev_ws/install/turtlesim/include/turtlesim/action/detail/rotate_absolute__traits.hpp
[14.177s] -- Up-to-date: /home/danlil240/dev_ws/install/turtlesim/include/turtlesim/action/detail/rotate_absolute__struct.hpp
[14.177s] -- Up-to-date: /home/danlil240/dev_ws/install/turtlesim/include/turtlesim/action/detail/rotate_absolute__builder.hpp
[14.177s] -- Up-to-date: /home/danlil240/dev_ws/install/turtlesim/include/turtlesim/action/rotate_absolute.hpp
[14.177s] -- Up-to-date: /home/danlil240/dev_ws/install/turtlesim/include/turtlesim/msg
[14.177s] -- Up-to-date: /home/danlil240/dev_ws/install/turtlesim/include/turtlesim/msg/pose.hpp
[14.178s] -- Up-to-date: /home/danlil240/dev_ws/install/turtlesim/include/turtlesim/msg/detail
[14.178s] -- Up-to-date: /home/danlil240/dev_ws/install/turtlesim/include/turtlesim/msg/detail/pose__traits.hpp
[14.178s] -- Up-to-date: /home/danlil240/dev_ws/install/turtlesim/include/turtlesim/msg/detail/pose__struct.hpp
[14.178s] -- Up-to-date: /home/danlil240/dev_ws/install/turtlesim/include/turtlesim/msg/detail/color__builder.hpp
[14.178s] -- Up-to-date: /home/danlil240/dev_ws/install/turtlesim/include/turtlesim/msg/detail/color__struct.hpp
[14.178s] -- Up-to-date: /home/danlil240/dev_ws/install/turtlesim/include/turtlesim/msg/detail/color__traits.hpp
[14.178s] -- Up-to-date: /home/danlil240/dev_ws/install/turtlesim/include/turtlesim/msg/detail/pose__builder.hpp
[14.178s] -- Up-to-date: /home/danlil240/dev_ws/install/turtlesim/include/turtlesim/msg/color.hpp
[14.178s] -- Up-to-date: /home/danlil240/dev_ws/install/turtlesim/include/turtlesim
[14.179s] -- Up-to-date: /home/danlil240/dev_ws/install/turtlesim/include/turtlesim/srv
[14.179s] -- Up-to-date: /home/danlil240/dev_ws/install/turtlesim/include/turtlesim/srv/detail
[14.179s] -- Up-to-date: /home/danlil240/dev_ws/install/turtlesim/include/turtlesim/srv/detail/spawn__type_support.cpp
[14.179s] -- Up-to-date: /home/danlil240/dev_ws/install/turtlesim/include/turtlesim/srv/detail/kill__rosidl_typesupport_introspection_cpp.hpp
[14.179s] -- Up-to-date: /home/danlil240/dev_ws/install/turtlesim/include/turtlesim/srv/detail/teleport_absolute__type_support.cpp
[14.179s] -- Up-to-date: /home/danlil240/dev_ws/install/turtlesim/include/turtlesim/srv/detail/teleport_absolute__rosidl_typesupport_introspection_cpp.hpp
[14.179s] -- Up-to-date: /home/danlil240/dev_ws/install/turtlesim/include/turtlesim/srv/detail/kill__type_support.cpp
[14.179s] -- Up-to-date: /home/danlil240/dev_ws/install/turtlesim/include/turtlesim/srv/detail/spawn__rosidl_typesupport_introspection_cpp.hpp
[14.180s] -- Up-to-date: /home/danlil240/dev_ws/install/turtlesim/include/turtlesim/srv/detail/set_pen__type_support.cpp
[14.180s] -- Up-to-date: /home/danlil240/dev_ws/install/turtlesim/include/turtlesim/srv/detail/teleport_relative__rosidl_typesupport_introspection_cpp.hpp
[14.180s] -- Up-to-date: /home/danlil240/dev_ws/install/turtlesim/include/turtlesim/srv/detail/set_pen__rosidl_typesupport_introspection_cpp.hpp
[14.180s] -- Up-to-date: /home/danlil240/dev_ws/install/turtlesim/include/turtlesim/srv/detail/teleport_relative__type_support.cpp
[14.180s] -- Up-to-date: /home/danlil240/dev_ws/install/turtlesim/include/turtlesim/action
[14.180s] -- Up-to-date: /home/danlil240/dev_ws/install/turtlesim/include/turtlesim/action/detail
[14.180s] -- Up-to-date: /home/danlil240/dev_ws/install/turtlesim/include/turtlesim/action/detail/rotate_absolute__rosidl_typesupport_introspection_cpp.hpp
[14.180s] -- Up-to-date: /home/danlil240/dev_ws/install/turtlesim/include/turtlesim/action/detail/rotate_absolute__type_support.cpp
[14.181s] -- Up-to-date: /home/danlil240/dev_ws/install/turtlesim/include/turtlesim/msg
[14.181s] -- Up-to-date: /home/danlil240/dev_ws/install/turtlesim/include/turtlesim/msg/detail
[14.181s] -- Up-to-date: /home/danlil240/dev_ws/install/turtlesim/include/turtlesim/msg/detail/color__type_support.cpp
[14.181s] -- Up-to-date: /home/danlil240/dev_ws/install/turtlesim/include/turtlesim/msg/detail/pose__type_support.cpp
[14.181s] -- Up-to-date: /home/danlil240/dev_ws/install/turtlesim/include/turtlesim/msg/detail/pose__rosidl_typesupport_introspection_cpp.hpp
[14.181s] -- Up-to-date: /home/danlil240/dev_ws/install/turtlesim/include/turtlesim/msg/detail/color__rosidl_typesupport_introspection_cpp.hpp
[14.181s] -- Up-to-date: /home/danlil240/dev_ws/install/turtlesim/lib/libturtlesim__rosidl_typesupport_introspection_cpp.so
[14.181s] -- Up-to-date: /home/danlil240/dev_ws/install/turtlesim/lib/libturtlesim__rosidl_typesupport_cpp.so
[14.182s] -- Up-to-date: /home/danlil240/dev_ws/install/turtlesim/share/turtlesim/environment/pythonpath.sh
[14.182s] -- Up-to-date: /home/danlil240/dev_ws/install/turtlesim/share/turtlesim/environment/pythonpath.dsv
[14.182s] -- Up-to-date: /home/danlil240/dev_ws/install/turtlesim/lib/python3.8/site-packages/turtlesim/__init__.py
[14.227s] -- Up-to-date: /home/danlil240/dev_ws/install/turtlesim/lib/python3.8/site-packages/turtlesim/action
[14.228s] -- Up-to-date: /home/danlil240/dev_ws/install/turtlesim/lib/python3.8/site-packages/turtlesim/action/_rotate_absolute_s.c
[14.229s] -- Up-to-date: /home/danlil240/dev_ws/install/turtlesim/lib/python3.8/site-packages/turtlesim/action/_rotate_absolute.py
[14.229s] -- Up-to-date: /home/danlil240/dev_ws/install/turtlesim/lib/python3.8/site-packages/turtlesim/action/__init__.py
[14.229s] -- Up-to-date: /home/danlil240/dev_ws/install/turtlesim/lib/python3.8/site-packages/turtlesim/msg
[14.229s] -- Up-to-date: /home/danlil240/dev_ws/install/turtlesim/lib/python3.8/site-packages/turtlesim/msg/_pose.py
[14.230s] -- Up-to-date: /home/danlil240/dev_ws/install/turtlesim/lib/python3.8/site-packages/turtlesim/msg/_color.py
[14.230s] -- Up-to-date: /home/danlil240/dev_ws/install/turtlesim/lib/python3.8/site-packages/turtlesim/msg/_color_s.c
[14.230s] -- Up-to-date: /home/danlil240/dev_ws/install/turtlesim/lib/python3.8/site-packages/turtlesim/msg/_pose_s.c
[14.230s] -- Up-to-date: /home/danlil240/dev_ws/install/turtlesim/lib/python3.8/site-packages/turtlesim/msg/__init__.py
[14.230s] -- Up-to-date: /home/danlil240/dev_ws/install/turtlesim/lib/python3.8/site-packages/turtlesim/srv
[14.231s] -- Up-to-date: /home/danlil240/dev_ws/install/turtlesim/lib/python3.8/site-packages/turtlesim/srv/_teleport_relative.py
[14.231s] -- Up-to-date: /home/danlil240/dev_ws/install/turtlesim/lib/python3.8/site-packages/turtlesim/srv/_set_pen_s.c
[14.232s] -- Up-to-date: /home/danlil240/dev_ws/install/turtlesim/lib/python3.8/site-packages/turtlesim/srv/_teleport_absolute.py
[14.232s] -- Up-to-date: /home/danlil240/dev_ws/install/turtlesim/lib/python3.8/site-packages/turtlesim/srv/_teleport_relative_s.c
[14.232s] -- Up-to-date: /home/danlil240/dev_ws/install/turtlesim/lib/python3.8/site-packages/turtlesim/srv/_spawn_s.c
[14.233s] -- Up-to-date: /home/danlil240/dev_ws/install/turtlesim/lib/python3.8/site-packages/turtlesim/srv/_kill_s.c
[14.234s] -- Up-to-date: /home/danlil240/dev_ws/install/turtlesim/lib/python3.8/site-packages/turtlesim/srv/_set_pen.py
[14.234s] -- Up-to-date: /home/danlil240/dev_ws/install/turtlesim/lib/python3.8/site-packages/turtlesim/srv/_teleport_absolute_s.c
[14.235s] -- Up-to-date: /home/danlil240/dev_ws/install/turtlesim/lib/python3.8/site-packages/turtlesim/srv/__init__.py
[14.235s] -- Up-to-date: /home/danlil240/dev_ws/install/turtlesim/lib/python3.8/site-packages/turtlesim/srv/_kill.py
[14.236s] -- Up-to-date: /home/danlil240/dev_ws/install/turtlesim/lib/python3.8/site-packages/turtlesim/srv/_spawn.py
[14.236s] -- Up-to-date: /home/danlil240/dev_ws/install/turtlesim/lib/python3.8/site-packages/turtlesim/turtlesim_s__rosidl_typesupport_fastrtps_c.cpython-38-x86_64-linux-gnu.so
[14.237s] -- Up-to-date: /home/danlil240/dev_ws/install/turtlesim/lib/python3.8/site-packages/turtlesim/turtlesim_s__rosidl_typesupport_introspection_c.cpython-38-x86_64-linux-gnu.so
[14.238s] -- Up-to-date: /home/danlil240/dev_ws/install/turtlesim/lib/python3.8/site-packages/turtlesim/turtlesim_s__rosidl_typesupport_c.cpython-38-x86_64-linux-gnu.so
[14.238s] -- Up-to-date: /home/danlil240/dev_ws/install/turtlesim/lib/libturtlesim__python.so
[14.238s] -- Up-to-date: /home/danlil240/dev_ws/install/turtlesim/share/turtlesim/action/RotateAbsolute.idl
[14.238s] -- Up-to-date: /home/danlil240/dev_ws/install/turtlesim/share/turtlesim/msg/Color.idl
[14.239s] -- Up-to-date: /home/danlil240/dev_ws/install/turtlesim/share/turtlesim/msg/Pose.idl
[14.239s] -- Up-to-date: /home/danlil240/dev_ws/install/turtlesim/share/turtlesim/srv/Kill.idl
[14.239s] -- Up-to-date: /home/danlil240/dev_ws/install/turtlesim/share/turtlesim/srv/SetPen.idl
[14.239s] -- Up-to-date: /home/danlil240/dev_ws/install/turtlesim/share/turtlesim/srv/Spawn.idl
[14.239s] -- Up-to-date: /home/danlil240/dev_ws/install/turtlesim/share/turtlesim/srv/TeleportAbsolute.idl
[14.240s] -- Up-to-date: /home/danlil240/dev_ws/install/turtlesim/share/turtlesim/srv/TeleportRelative.idl
[14.240s] -- Up-to-date: /home/danlil240/dev_ws/install/turtlesim/share/turtlesim/action/RotateAbsolute.action
[14.240s] -- Up-to-date: /home/danlil240/dev_ws/install/turtlesim/share/turtlesim/msg/Color.msg
[14.240s] -- Up-to-date: /home/danlil240/dev_ws/install/turtlesim/share/turtlesim/msg/Pose.msg
[14.240s] -- Up-to-date: /home/danlil240/dev_ws/install/turtlesim/share/turtlesim/srv/Kill.srv
[14.240s] -- Up-to-date: /home/danlil240/dev_ws/install/turtlesim/share/turtlesim/srv/Kill_Request.msg
[14.240s] -- Up-to-date: /home/danlil240/dev_ws/install/turtlesim/share/turtlesim/srv/Kill_Response.msg
[14.241s] -- Up-to-date: /home/danlil240/dev_ws/install/turtlesim/share/turtlesim/srv/SetPen.srv
[14.241s] -- Up-to-date: /home/danlil240/dev_ws/install/turtlesim/share/turtlesim/srv/SetPen_Request.msg
[14.241s] -- Up-to-date: /home/danlil240/dev_ws/install/turtlesim/share/turtlesim/srv/SetPen_Response.msg
[14.241s] -- Up-to-date: /home/danlil240/dev_ws/install/turtlesim/share/turtlesim/srv/Spawn.srv
[14.241s] -- Up-to-date: /home/danlil240/dev_ws/install/turtlesim/share/turtlesim/srv/Spawn_Request.msg
[14.241s] -- Up-to-date: /home/danlil240/dev_ws/install/turtlesim/share/turtlesim/srv/Spawn_Response.msg
[14.241s] -- Up-to-date: /home/danlil240/dev_ws/install/turtlesim/share/turtlesim/srv/TeleportAbsolute.srv
[14.242s] -- Up-to-date: /home/danlil240/dev_ws/install/turtlesim/share/turtlesim/srv/TeleportAbsolute_Request.msg
[14.242s] -- Up-to-date: /home/danlil240/dev_ws/install/turtlesim/share/turtlesim/srv/TeleportAbsolute_Response.msg
[14.242s] -- Up-to-date: /home/danlil240/dev_ws/install/turtlesim/share/turtlesim/srv/TeleportRelative.srv
[14.242s] -- Up-to-date: /home/danlil240/dev_ws/install/turtlesim/share/turtlesim/srv/TeleportRelative_Request.msg
[14.242s] -- Up-to-date: /home/danlil240/dev_ws/install/turtlesim/share/turtlesim/srv/TeleportRelative_Response.msg
[14.242s] -- Installing: /home/danlil240/dev_ws/install/turtlesim/lib/turtlesim/turtlesim_node
[14.248s] -- Set runtime path of "/home/danlil240/dev_ws/install/turtlesim/lib/turtlesim/turtlesim_node" to ""
[14.248s] -- Up-to-date: /home/danlil240/dev_ws/install/turtlesim/lib/turtlesim/turtle_teleop_key
[14.249s] -- Up-to-date: /home/danlil240/dev_ws/install/turtlesim/lib/turtlesim/draw_square
[14.250s] -- Up-to-date: /home/danlil240/dev_ws/install/turtlesim/lib/turtlesim/mimic
[14.251s] -- Up-to-date: /home/danlil240/dev_ws/install/turtlesim/share/turtlesim/images
[14.252s] -- Up-to-date: /home/danlil240/dev_ws/install/turtlesim/share/turtlesim/images/dashing.png
[14.252s] -- Up-to-date: /home/danlil240/dev_ws/install/turtlesim/share/turtlesim/images/crystal.png
[14.253s] -- Up-to-date: /home/danlil240/dev_ws/install/turtlesim/share/turtlesim/images/bouncy.png
[14.253s] -- Up-to-date: /home/danlil240/dev_ws/install/turtlesim/share/turtlesim/images/foxy.png
[14.253s] -- Up-to-date: /home/danlil240/dev_ws/install/turtlesim/share/turtlesim/images/eloquent.png
[14.254s] -- Up-to-date: /home/danlil240/dev_ws/install/turtlesim/share/turtlesim/images/ardent.png
[14.254s] -- Up-to-date: /home/danlil240/dev_ws/install/turtlesim/share/turtlesim/launch
[14.255s] -- Up-to-date: /home/danlil240/dev_ws/install/turtlesim/share/turtlesim/launch/multisim.launch.py
[14.255s] -- Up-to-date: /home/danlil240/dev_ws/install/turtlesim/share/ament_index/resource_index/package_run_dependencies/turtlesim
[14.255s] -- Up-to-date: /home/danlil240/dev_ws/install/turtlesim/share/ament_index/resource_index/parent_prefix_path/turtlesim
[14.256s] -- Up-to-date: /home/danlil240/dev_ws/install/turtlesim/share/turtlesim/environment/ament_prefix_path.sh
[14.256s] -- Up-to-date: /home/danlil240/dev_ws/install/turtlesim/share/turtlesim/environment/ament_prefix_path.dsv
[14.257s] -- Up-to-date: /home/danlil240/dev_ws/install/turtlesim/share/turtlesim/environment/path.sh
[14.257s] -- Up-to-date: /home/danlil240/dev_ws/install/turtlesim/share/turtlesim/environment/path.dsv
[14.258s] -- Up-to-date: /home/danlil240/dev_ws/install/turtlesim/share/turtlesim/local_setup.bash
[14.258s] -- Up-to-date: /home/danlil240/dev_ws/install/turtlesim/share/turtlesim/local_setup.sh
[14.258s] -- Up-to-date: /home/danlil240/dev_ws/install/turtlesim/share/turtlesim/local_setup.zsh
[14.259s] -- Up-to-date: /home/danlil240/dev_ws/install/turtlesim/share/turtlesim/local_setup.dsv
[14.259s] -- Installing: /home/danlil240/dev_ws/install/turtlesim/share/turtlesim/package.dsv
[14.259s] -- Up-to-date: /home/danlil240/dev_ws/install/turtlesim/share/ament_index/resource_index/packages/turtlesim
[14.260s] -- Up-to-date: /home/danlil240/dev_ws/install/turtlesim/share/turtlesim/cmake/turtlesim__rosidl_generator_cExport.cmake
[14.260s] -- Up-to-date: /home/danlil240/dev_ws/install/turtlesim/share/turtlesim/cmake/turtlesim__rosidl_generator_cExport-noconfig.cmake
[14.261s] -- Up-to-date: /home/danlil240/dev_ws/install/turtlesim/share/turtlesim/cmake/turtlesim__rosidl_typesupport_introspection_cExport.cmake
[14.261s] -- Up-to-date: /home/danlil240/dev_ws/install/turtlesim/share/turtlesim/cmake/turtlesim__rosidl_typesupport_introspection_cExport-noconfig.cmake
[14.262s] -- Up-to-date: /home/danlil240/dev_ws/install/turtlesim/share/turtlesim/cmake/turtlesim__rosidl_typesupport_cExport.cmake
[14.262s] -- Up-to-date: /home/danlil240/dev_ws/install/turtlesim/share/turtlesim/cmake/turtlesim__rosidl_typesupport_cExport-noconfig.cmake
[14.264s] -- Up-to-date: /home/danlil240/dev_ws/install/turtlesim/share/turtlesim/cmake/turtlesim__rosidl_generator_cppExport.cmake
[14.265s] -- Up-to-date: /home/danlil240/dev_ws/install/turtlesim/share/turtlesim/cmake/turtlesim__rosidl_typesupport_introspection_cppExport.cmake
[14.266s] -- Up-to-date: /home/danlil240/dev_ws/install/turtlesim/share/turtlesim/cmake/turtlesim__rosidl_typesupport_introspection_cppExport-noconfig.cmake
[14.266s] -- Up-to-date: /home/danlil240/dev_ws/install/turtlesim/share/turtlesim/cmake/turtlesim__rosidl_typesupport_cppExport.cmake
[14.266s] -- Up-to-date: /home/danlil240/dev_ws/install/turtlesim/share/turtlesim/cmake/turtlesim__rosidl_typesupport_cppExport-noconfig.cmake
[14.267s] -- Up-to-date: /home/danlil240/dev_ws/install/turtlesim/share/turtlesim/cmake/rosidl_cmake-extras.cmake
[14.267s] -- Up-to-date: /home/danlil240/dev_ws/install/turtlesim/share/turtlesim/cmake/ament_cmake_export_dependencies-extras.cmake
[14.267s] -- Up-to-date: /home/danlil240/dev_ws/install/turtlesim/share/turtlesim/cmake/ament_cmake_export_libraries-extras.cmake
[14.268s] -- Up-to-date: /home/danlil240/dev_ws/install/turtlesim/share/turtlesim/cmake/ament_cmake_export_targets-extras.cmake
[14.272s] -- Up-to-date: /home/danlil240/dev_ws/install/turtlesim/share/turtlesim/cmake/ament_cmake_export_include_directories-extras.cmake
[14.274s] -- Up-to-date: /home/danlil240/dev_ws/install/turtlesim/share/turtlesim/cmake/rosidl_cmake_export_typesupport_libraries-extras.cmake
[14.274s] -- Up-to-date: /home/danlil240/dev_ws/install/turtlesim/share/turtlesim/cmake/rosidl_cmake_export_typesupport_targets-extras.cmake
[14.275s] -- Up-to-date: /home/danlil240/dev_ws/install/turtlesim/share/turtlesim/cmake/turtlesimConfig.cmake
[14.275s] -- Up-to-date: /home/danlil240/dev_ws/install/turtlesim/share/turtlesim/cmake/turtlesimConfig-version.cmake
[14.276s] -- Up-to-date: /home/danlil240/dev_ws/install/turtlesim/share/turtlesim/package.xml
[14.277s] Invoked command in '/home/danlil240/dev_ws/build/turtlesim' returned '0': CMAKE_PREFIX_PATH=/opt/ros/foxy /usr/bin/cmake --install /home/danlil240/dev_ws/build/turtlesim
