[0.055s] Invoking command in '/home/danlil240/dev_ws/build/turtlesim': CMAKE_PREFIX_PATH=/opt/ros/foxy /usr/bin/cmake --build /home/danlil240/dev_ws/build/turtlesim -- -j8 -l8
[0.270s] [  1%] Built target turtlesim__cpp
[0.288s] [ 11%] Built target turtlesim__rosidl_generator_c
[0.357s] [ 21%] Built target turtlesim__rosidl_typesupport_cpp
[0.359s] [ 31%] Built target turtlesim__rosidl_typesupport_introspection_cpp
[0.371s] [ 48%] Built target turtlesim__rosidl_typesupport_fastrtps_cpp
[0.372s] [ 51%] Built target turtlesim__rosidl_typesupport_c
[0.378s] [ 61%] Built target turtlesim__rosidl_typesupport_introspection_c
[0.438s] [ 71%] Built target turtlesim__rosidl_typesupport_fastrtps_c
[0.478s] [ 71%] Built target turtlesim
[0.537s] [ 72%] Built target turtlesim__py
[0.578s] [ 74%] Built target turtle_teleop_key
[0.581s] [ 76%] Built target draw_square
[0.585s] [ 78%] Built target mimic
[0.608s] [ 84%] Built target turtlesim_node
[0.620s] [ 93%] Built target turtlesim__python
[0.675s] [ 95%] Built target turtlesim__rosidl_typesupport_introspection_c__pyext
[0.676s] [ 97%] Built target turtlesim__rosidl_typesupport_fastrtps_c__pyext
[0.676s] [100%] Built target turtlesim__rosidl_typesupport_c__pyext
[0.702s] Invoked command in '/home/danlil240/dev_ws/build/turtlesim' returned '0': CMAKE_PREFIX_PATH=/opt/ros/foxy /usr/bin/cmake --build /home/danlil240/dev_ws/build/turtlesim -- -j8 -l8
[1.149s] Invoking command in '/home/danlil240/dev_ws/build/turtlesim': CMAKE_PREFIX_PATH=/opt/ros/foxy /usr/bin/cmake --install /home/danlil240/dev_ws/build/turtlesim
[1.172s] -- Install configuration: ""
[1.173s] -- Up-to-date: /home/danlil240/dev_ws/install/turtlesim/share/ament_index/resource_index/rosidl_interfaces/turtlesim
[1.174s] -- Up-to-date: /home/danlil240/dev_ws/install/turtlesim/include/turtlesim
[1.174s] -- Up-to-date: /home/danlil240/dev_ws/install/turtlesim/include/turtlesim/srv
[1.178s] -- Up-to-date: /home/danlil240/dev_ws/install/turtlesim/include/turtlesim/srv/set_pen.h
[1.178s] -- Up-to-date: /home/danlil240/dev_ws/install/turtlesim/include/turtlesim/srv/teleport_relative.h
[1.179s] -- Up-to-date: /home/danlil240/dev_ws/install/turtlesim/include/turtlesim/srv/kill.h
[1.180s] -- Up-to-date: /home/danlil240/dev_ws/install/turtlesim/include/turtlesim/srv/spawn.h
[1.181s] -- Up-to-date: /home/danlil240/dev_ws/install/turtlesim/include/turtlesim/srv/detail
[1.182s] -- Up-to-date: /home/danlil240/dev_ws/install/turtlesim/include/turtlesim/srv/detail/teleport_absolute__type_support.h
[1.183s] -- Up-to-date: /home/danlil240/dev_ws/install/turtlesim/include/turtlesim/srv/detail/teleport_relative__functions.h
[1.184s] -- Up-to-date: /home/danlil240/dev_ws/install/turtlesim/include/turtlesim/srv/detail/teleport_absolute__struct.h
[1.185s] -- Up-to-date: /home/danlil240/dev_ws/install/turtlesim/include/turtlesim/srv/detail/spawn__type_support.h
[1.185s] -- Up-to-date: /home/danlil240/dev_ws/install/turtlesim/include/turtlesim/srv/detail/teleport_absolute__functions.h
[1.186s] -- Up-to-date: /home/danlil240/dev_ws/install/turtlesim/include/turtlesim/srv/detail/set_pen__type_support.h
[1.186s] -- Up-to-date: /home/danlil240/dev_ws/install/turtlesim/include/turtlesim/srv/detail/kill__type_support.h
[1.187s] -- Up-to-date: /home/danlil240/dev_ws/install/turtlesim/include/turtlesim/srv/detail/set_pen__functions.c
[1.188s] -- Up-to-date: /home/danlil240/dev_ws/install/turtlesim/include/turtlesim/srv/detail/set_pen__functions.h
[1.188s] -- Up-to-date: /home/danlil240/dev_ws/install/turtlesim/include/turtlesim/srv/detail/teleport_relative__type_support.h
[1.189s] -- Up-to-date: /home/danlil240/dev_ws/install/turtlesim/include/turtlesim/srv/detail/kill__functions.c
[1.189s] -- Up-to-date: /home/danlil240/dev_ws/install/turtlesim/include/turtlesim/srv/detail/kill__functions.h
[1.190s] -- Up-to-date: /home/danlil240/dev_ws/install/turtlesim/include/turtlesim/srv/detail/spawn__struct.h
[1.191s] -- Up-to-date: /home/danlil240/dev_ws/install/turtlesim/include/turtlesim/srv/detail/teleport_relative__functions.c
[1.191s] -- Up-to-date: /home/danlil240/dev_ws/install/turtlesim/include/turtlesim/srv/detail/kill__struct.h
[1.193s] -- Up-to-date: /home/danlil240/dev_ws/install/turtlesim/include/turtlesim/srv/detail/teleport_relative__struct.h
[1.194s] -- Up-to-date: /home/danlil240/dev_ws/install/turtlesim/include/turtlesim/srv/detail/set_pen__struct.h
[1.195s] -- Up-to-date: /home/danlil240/dev_ws/install/turtlesim/include/turtlesim/srv/detail/spawn__functions.c
[1.196s] -- Up-to-date: /home/danlil240/dev_ws/install/turtlesim/include/turtlesim/srv/detail/spawn__functions.h
[1.196s] -- Up-to-date: /home/danlil240/dev_ws/install/turtlesim/include/turtlesim/srv/detail/teleport_absolute__functions.c
[1.197s] -- Up-to-date: /home/danlil240/dev_ws/install/turtlesim/include/turtlesim/srv/teleport_absolute.h
[1.198s] -- Up-to-date: /home/danlil240/dev_ws/install/turtlesim/include/turtlesim/action
[1.199s] -- Up-to-date: /home/danlil240/dev_ws/install/turtlesim/include/turtlesim/action/detail
[1.201s] -- Up-to-date: /home/danlil240/dev_ws/install/turtlesim/include/turtlesim/action/detail/rotate_absolute__type_support.h
[1.202s] -- Up-to-date: /home/danlil240/dev_ws/install/turtlesim/include/turtlesim/action/detail/rotate_absolute__functions.c
[1.202s] -- Up-to-date: /home/danlil240/dev_ws/install/turtlesim/include/turtlesim/action/detail/rotate_absolute__functions.h
[1.202s] -- Up-to-date: /home/danlil240/dev_ws/install/turtlesim/include/turtlesim/action/detail/rotate_absolute__struct.h
[1.203s] -- Up-to-date: /home/danlil240/dev_ws/install/turtlesim/include/turtlesim/action/rotate_absolute.h
[1.203s] -- Up-to-date: /home/danlil240/dev_ws/install/turtlesim/include/turtlesim/msg
[1.204s] -- Up-to-date: /home/danlil240/dev_ws/install/turtlesim/include/turtlesim/msg/detail
[1.204s] -- Up-to-date: /home/danlil240/dev_ws/install/turtlesim/include/turtlesim/msg/detail/pose__struct.h
[1.206s] -- Up-to-date: /home/danlil240/dev_ws/install/turtlesim/include/turtlesim/msg/detail/color__functions.h
[1.206s] -- Up-to-date: /home/danlil240/dev_ws/install/turtlesim/include/turtlesim/msg/detail/pose__functions.c
[1.206s] -- Up-to-date: /home/danlil240/dev_ws/install/turtlesim/include/turtlesim/msg/detail/pose__functions.h
[1.206s] -- Up-to-date: /home/danlil240/dev_ws/install/turtlesim/include/turtlesim/msg/detail/color__struct.h
[1.206s] -- Up-to-date: /home/danlil240/dev_ws/install/turtlesim/include/turtlesim/msg/detail/color__type_support.h
[1.206s] -- Up-to-date: /home/danlil240/dev_ws/install/turtlesim/include/turtlesim/msg/detail/pose__type_support.h
[1.207s] -- Up-to-date: /home/danlil240/dev_ws/install/turtlesim/include/turtlesim/msg/detail/color__functions.c
[1.207s] -- Up-to-date: /home/danlil240/dev_ws/install/turtlesim/include/turtlesim/msg/color.h
[1.207s] -- Up-to-date: /home/danlil240/dev_ws/install/turtlesim/include/turtlesim/msg/rosidl_generator_c__visibility_control.h
[1.207s] -- Up-to-date: /home/danlil240/dev_ws/install/turtlesim/include/turtlesim/msg/pose.h
[1.208s] -- Up-to-date: /home/danlil240/dev_ws/install/turtlesim/share/turtlesim/environment/library_path.sh
[1.208s] -- Up-to-date: /home/danlil240/dev_ws/install/turtlesim/share/turtlesim/environment/library_path.dsv
[1.208s] -- Up-to-date: /home/danlil240/dev_ws/install/turtlesim/lib/libturtlesim__rosidl_generator_c.so
[1.209s] -- Up-to-date: /home/danlil240/dev_ws/install/turtlesim/include/turtlesim
[1.209s] -- Up-to-date: /home/danlil240/dev_ws/install/turtlesim/include/turtlesim/srv
[1.210s] -- Up-to-date: /home/danlil240/dev_ws/install/turtlesim/include/turtlesim/srv/detail
[1.211s] -- Up-to-date: /home/danlil240/dev_ws/install/turtlesim/include/turtlesim/srv/detail/teleport_relative__rosidl_typesupport_fastrtps_c.h
[1.212s] -- Up-to-date: /home/danlil240/dev_ws/install/turtlesim/include/turtlesim/srv/detail/set_pen__rosidl_typesupport_fastrtps_c.h
[1.212s] -- Up-to-date: /home/danlil240/dev_ws/install/turtlesim/include/turtlesim/srv/detail/teleport_absolute__rosidl_typesupport_fastrtps_c.h
[1.213s] -- Up-to-date: /home/danlil240/dev_ws/install/turtlesim/include/turtlesim/srv/detail/spawn__rosidl_typesupport_fastrtps_c.h
[1.213s] -- Up-to-date: /home/danlil240/dev_ws/install/turtlesim/include/turtlesim/srv/detail/kill__rosidl_typesupport_fastrtps_c.h
[1.214s] -- Up-to-date: /home/danlil240/dev_ws/install/turtlesim/include/turtlesim/action
[1.214s] -- Up-to-date: /home/danlil240/dev_ws/install/turtlesim/include/turtlesim/action/detail
[1.214s] -- Up-to-date: /home/danlil240/dev_ws/install/turtlesim/include/turtlesim/action/detail/rotate_absolute__rosidl_typesupport_fastrtps_c.h
[1.215s] -- Up-to-date: /home/danlil240/dev_ws/install/turtlesim/include/turtlesim/msg
[1.215s] -- Up-to-date: /home/danlil240/dev_ws/install/turtlesim/include/turtlesim/msg/rosidl_typesupport_fastrtps_c__visibility_control.h
[1.215s] -- Up-to-date: /home/danlil240/dev_ws/install/turtlesim/include/turtlesim/msg/detail
[1.216s] -- Up-to-date: /home/danlil240/dev_ws/install/turtlesim/include/turtlesim/msg/detail/pose__rosidl_typesupport_fastrtps_c.h
[1.216s] -- Up-to-date: /home/danlil240/dev_ws/install/turtlesim/include/turtlesim/msg/detail/color__rosidl_typesupport_fastrtps_c.h
[1.216s] -- Up-to-date: /home/danlil240/dev_ws/install/turtlesim/lib/libturtlesim__rosidl_typesupport_fastrtps_c.so
[1.216s] -- Up-to-date: /home/danlil240/dev_ws/install/turtlesim/include/turtlesim
[1.217s] -- Up-to-date: /home/danlil240/dev_ws/install/turtlesim/include/turtlesim/srv
[1.217s] -- Up-to-date: /home/danlil240/dev_ws/install/turtlesim/include/turtlesim/srv/detail
[1.217s] -- Up-to-date: /home/danlil240/dev_ws/install/turtlesim/include/turtlesim/srv/detail/kill__rosidl_typesupport_fastrtps_cpp.hpp
[1.218s] -- Up-to-date: /home/danlil240/dev_ws/install/turtlesim/include/turtlesim/srv/detail/spawn__rosidl_typesupport_fastrtps_cpp.hpp
[1.218s] -- Up-to-date: /home/danlil240/dev_ws/install/turtlesim/include/turtlesim/srv/detail/teleport_relative__rosidl_typesupport_fastrtps_cpp.hpp
[1.218s] -- Up-to-date: /home/danlil240/dev_ws/install/turtlesim/include/turtlesim/srv/detail/dds_fastrtps
[1.218s] -- Up-to-date: /home/danlil240/dev_ws/install/turtlesim/include/turtlesim/srv/detail/teleport_absolute__rosidl_typesupport_fastrtps_cpp.hpp
[1.218s] -- Up-to-date: /home/danlil240/dev_ws/install/turtlesim/include/turtlesim/srv/detail/set_pen__rosidl_typesupport_fastrtps_cpp.hpp
[1.219s] -- Up-to-date: /home/danlil240/dev_ws/install/turtlesim/include/turtlesim/action
[1.219s] -- Up-to-date: /home/danlil240/dev_ws/install/turtlesim/include/turtlesim/action/detail
[1.219s] -- Up-to-date: /home/danlil240/dev_ws/install/turtlesim/include/turtlesim/action/detail/rotate_absolute__rosidl_typesupport_fastrtps_cpp.hpp
[1.219s] -- Up-to-date: /home/danlil240/dev_ws/install/turtlesim/include/turtlesim/action/detail/dds_fastrtps
[1.220s] -- Up-to-date: /home/danlil240/dev_ws/install/turtlesim/include/turtlesim/msg
[1.220s] -- Up-to-date: /home/danlil240/dev_ws/install/turtlesim/include/turtlesim/msg/rosidl_typesupport_fastrtps_cpp__visibility_control.h
[1.220s] -- Up-to-date: /home/danlil240/dev_ws/install/turtlesim/include/turtlesim/msg/detail
[1.220s] -- Up-to-date: /home/danlil240/dev_ws/install/turtlesim/include/turtlesim/msg/detail/color__rosidl_typesupport_fastrtps_cpp.hpp
[1.221s] -- Up-to-date: /home/danlil240/dev_ws/install/turtlesim/include/turtlesim/msg/detail/dds_fastrtps
[1.221s] -- Up-to-date: /home/danlil240/dev_ws/install/turtlesim/include/turtlesim/msg/detail/pose__rosidl_typesupport_fastrtps_cpp.hpp
[1.221s] -- Up-to-date: /home/danlil240/dev_ws/install/turtlesim/lib/libturtlesim__rosidl_typesupport_fastrtps_cpp.so
[1.221s] -- Up-to-date: /home/danlil240/dev_ws/install/turtlesim/include/turtlesim
[1.222s] -- Up-to-date: /home/danlil240/dev_ws/install/turtlesim/include/turtlesim/srv
[1.222s] -- Up-to-date: /home/danlil240/dev_ws/install/turtlesim/include/turtlesim/srv/detail
[1.222s] -- Up-to-date: /home/danlil240/dev_ws/install/turtlesim/include/turtlesim/srv/detail/kill__type_support.c
[1.223s] -- Up-to-date: /home/danlil240/dev_ws/install/turtlesim/include/turtlesim/srv/detail/kill__rosidl_typesupport_introspection_c.h
[1.223s] -- Up-to-date: /home/danlil240/dev_ws/install/turtlesim/include/turtlesim/srv/detail/teleport_relative__rosidl_typesupport_introspection_c.h
[1.223s] -- Up-to-date: /home/danlil240/dev_ws/install/turtlesim/include/turtlesim/srv/detail/set_pen__type_support.c
[1.223s] -- Up-to-date: /home/danlil240/dev_ws/install/turtlesim/include/turtlesim/srv/detail/teleport_relative__type_support.c
[1.224s] -- Up-to-date: /home/danlil240/dev_ws/install/turtlesim/include/turtlesim/srv/detail/spawn__rosidl_typesupport_introspection_c.h
[1.224s] -- Up-to-date: /home/danlil240/dev_ws/install/turtlesim/include/turtlesim/srv/detail/set_pen__rosidl_typesupport_introspection_c.h
[1.224s] -- Up-to-date: /home/danlil240/dev_ws/install/turtlesim/include/turtlesim/srv/detail/teleport_absolute__type_support.c
[1.226s] -- Up-to-date: /home/danlil240/dev_ws/install/turtlesim/include/turtlesim/srv/detail/teleport_absolute__rosidl_typesupport_introspection_c.h
[1.226s] -- Up-to-date: /home/danlil240/dev_ws/install/turtlesim/include/turtlesim/srv/detail/spawn__type_support.c
[1.227s] -- Up-to-date: /home/danlil240/dev_ws/install/turtlesim/include/turtlesim/action
[1.227s] -- Up-to-date: /home/danlil240/dev_ws/install/turtlesim/include/turtlesim/action/detail
[1.227s] -- Up-to-date: /home/danlil240/dev_ws/install/turtlesim/include/turtlesim/action/detail/rotate_absolute__rosidl_typesupport_introspection_c.h
[1.228s] -- Up-to-date: /home/danlil240/dev_ws/install/turtlesim/include/turtlesim/action/detail/rotate_absolute__type_support.c
[1.228s] -- Up-to-date: /home/danlil240/dev_ws/install/turtlesim/include/turtlesim/msg
[1.228s] -- Up-to-date: /home/danlil240/dev_ws/install/turtlesim/include/turtlesim/msg/rosidl_typesupport_introspection_c__visibility_control.h
[1.228s] -- Up-to-date: /home/danlil240/dev_ws/install/turtlesim/include/turtlesim/msg/detail
[1.228s] -- Up-to-date: /home/danlil240/dev_ws/install/turtlesim/include/turtlesim/msg/detail/color__type_support.c
[1.228s] -- Up-to-date: /home/danlil240/dev_ws/install/turtlesim/include/turtlesim/msg/detail/color__rosidl_typesupport_introspection_c.h
[1.229s] -- Up-to-date: /home/danlil240/dev_ws/install/turtlesim/include/turtlesim/msg/detail/pose__rosidl_typesupport_introspection_c.h
[1.229s] -- Up-to-date: /home/danlil240/dev_ws/install/turtlesim/include/turtlesim/msg/detail/pose__type_support.c
[1.229s] -- Up-to-date: /home/danlil240/dev_ws/install/turtlesim/lib/libturtlesim__rosidl_typesupport_introspection_c.so
[1.229s] -- Up-to-date: /home/danlil240/dev_ws/install/turtlesim/lib/libturtlesim__rosidl_typesupport_c.so
[1.229s] -- Up-to-date: /home/danlil240/dev_ws/install/turtlesim/include/turtlesim
[1.230s] -- Up-to-date: /home/danlil240/dev_ws/install/turtlesim/include/turtlesim/srv
[1.230s] -- Up-to-date: /home/danlil240/dev_ws/install/turtlesim/include/turtlesim/srv/kill.hpp
[1.231s] -- Up-to-date: /home/danlil240/dev_ws/install/turtlesim/include/turtlesim/srv/set_pen.hpp
[1.232s] -- Up-to-date: /home/danlil240/dev_ws/install/turtlesim/include/turtlesim/srv/spawn.hpp
[1.232s] -- Up-to-date: /home/danlil240/dev_ws/install/turtlesim/include/turtlesim/srv/detail
[1.232s] -- Up-to-date: /home/danlil240/dev_ws/install/turtlesim/include/turtlesim/srv/detail/set_pen__builder.hpp
[1.233s] -- Up-to-date: /home/danlil240/dev_ws/install/turtlesim/include/turtlesim/srv/detail/kill__builder.hpp
[1.233s] -- Up-to-date: /home/danlil240/dev_ws/install/turtlesim/include/turtlesim/srv/detail/kill__struct.hpp
[1.233s] -- Up-to-date: /home/danlil240/dev_ws/install/turtlesim/include/turtlesim/srv/detail/kill__traits.hpp
[1.234s] -- Up-to-date: /home/danlil240/dev_ws/install/turtlesim/include/turtlesim/srv/detail/teleport_relative__builder.hpp
[1.234s] -- Up-to-date: /home/danlil240/dev_ws/install/turtlesim/include/turtlesim/srv/detail/set_pen__traits.hpp
[1.234s] -- Up-to-date: /home/danlil240/dev_ws/install/turtlesim/include/turtlesim/srv/detail/spawn__builder.hpp
[1.234s] -- Up-to-date: /home/danlil240/dev_ws/install/turtlesim/include/turtlesim/srv/detail/teleport_relative__struct.hpp
[1.235s] -- Up-to-date: /home/danlil240/dev_ws/install/turtlesim/include/turtlesim/srv/detail/teleport_absolute__struct.hpp
[1.235s] -- Up-to-date: /home/danlil240/dev_ws/install/turtlesim/include/turtlesim/srv/detail/set_pen__struct.hpp
[1.235s] -- Up-to-date: /home/danlil240/dev_ws/install/turtlesim/include/turtlesim/srv/detail/teleport_absolute__builder.hpp
[1.236s] -- Up-to-date: /home/danlil240/dev_ws/install/turtlesim/include/turtlesim/srv/detail/teleport_relative__traits.hpp
[1.236s] -- Up-to-date: /home/danlil240/dev_ws/install/turtlesim/include/turtlesim/srv/detail/teleport_absolute__traits.hpp
[1.236s] -- Up-to-date: /home/danlil240/dev_ws/install/turtlesim/include/turtlesim/srv/detail/spawn__struct.hpp
[1.236s] -- Up-to-date: /home/danlil240/dev_ws/install/turtlesim/include/turtlesim/srv/detail/spawn__traits.hpp
[1.236s] -- Up-to-date: /home/danlil240/dev_ws/install/turtlesim/include/turtlesim/srv/teleport_absolute.hpp
[1.237s] -- Up-to-date: /home/danlil240/dev_ws/install/turtlesim/include/turtlesim/srv/teleport_relative.hpp
[1.237s] -- Up-to-date: /home/danlil240/dev_ws/install/turtlesim/include/turtlesim/action
[1.237s] -- Up-to-date: /home/danlil240/dev_ws/install/turtlesim/include/turtlesim/action/detail
[1.237s] -- Up-to-date: /home/danlil240/dev_ws/install/turtlesim/include/turtlesim/action/detail/rotate_absolute__traits.hpp
[1.238s] -- Up-to-date: /home/danlil240/dev_ws/install/turtlesim/include/turtlesim/action/detail/rotate_absolute__struct.hpp
[1.238s] -- Up-to-date: /home/danlil240/dev_ws/install/turtlesim/include/turtlesim/action/detail/rotate_absolute__builder.hpp
[1.238s] -- Up-to-date: /home/danlil240/dev_ws/install/turtlesim/include/turtlesim/action/rotate_absolute.hpp
[1.238s] -- Up-to-date: /home/danlil240/dev_ws/install/turtlesim/include/turtlesim/msg
[1.239s] -- Up-to-date: /home/danlil240/dev_ws/install/turtlesim/include/turtlesim/msg/pose.hpp
[1.239s] -- Up-to-date: /home/danlil240/dev_ws/install/turtlesim/include/turtlesim/msg/detail
[1.239s] -- Up-to-date: /home/danlil240/dev_ws/install/turtlesim/include/turtlesim/msg/detail/pose__traits.hpp
[1.240s] -- Up-to-date: /home/danlil240/dev_ws/install/turtlesim/include/turtlesim/msg/detail/pose__struct.hpp
[1.240s] -- Up-to-date: /home/danlil240/dev_ws/install/turtlesim/include/turtlesim/msg/detail/color__builder.hpp
[1.240s] -- Up-to-date: /home/danlil240/dev_ws/install/turtlesim/include/turtlesim/msg/detail/color__struct.hpp
[1.240s] -- Up-to-date: /home/danlil240/dev_ws/install/turtlesim/include/turtlesim/msg/detail/color__traits.hpp
[1.241s] -- Up-to-date: /home/danlil240/dev_ws/install/turtlesim/include/turtlesim/msg/detail/pose__builder.hpp
[1.241s] -- Up-to-date: /home/danlil240/dev_ws/install/turtlesim/include/turtlesim/msg/color.hpp
[1.241s] -- Up-to-date: /home/danlil240/dev_ws/install/turtlesim/include/turtlesim
[1.241s] -- Up-to-date: /home/danlil240/dev_ws/install/turtlesim/include/turtlesim/srv
[1.242s] -- Up-to-date: /home/danlil240/dev_ws/install/turtlesim/include/turtlesim/srv/detail
[1.242s] -- Up-to-date: /home/danlil240/dev_ws/install/turtlesim/include/turtlesim/srv/detail/spawn__type_support.cpp
[1.242s] -- Up-to-date: /home/danlil240/dev_ws/install/turtlesim/include/turtlesim/srv/detail/kill__rosidl_typesupport_introspection_cpp.hpp
[1.243s] -- Up-to-date: /home/danlil240/dev_ws/install/turtlesim/include/turtlesim/srv/detail/teleport_absolute__type_support.cpp
[1.243s] -- Up-to-date: /home/danlil240/dev_ws/install/turtlesim/include/turtlesim/srv/detail/teleport_absolute__rosidl_typesupport_introspection_cpp.hpp
[1.243s] -- Up-to-date: /home/danlil240/dev_ws/install/turtlesim/include/turtlesim/srv/detail/kill__type_support.cpp
[1.244s] -- Up-to-date: /home/danlil240/dev_ws/install/turtlesim/include/turtlesim/srv/detail/spawn__rosidl_typesupport_introspection_cpp.hpp
[1.245s] -- Up-to-date: /home/danlil240/dev_ws/install/turtlesim/include/turtlesim/srv/detail/set_pen__type_support.cpp
[1.245s] -- Up-to-date: /home/danlil240/dev_ws/install/turtlesim/include/turtlesim/srv/detail/teleport_relative__rosidl_typesupport_introspection_cpp.hpp
[1.246s] -- Up-to-date: /home/danlil240/dev_ws/install/turtlesim/include/turtlesim/srv/detail/set_pen__rosidl_typesupport_introspection_cpp.hpp
[1.246s] -- Up-to-date: /home/danlil240/dev_ws/install/turtlesim/include/turtlesim/srv/detail/teleport_relative__type_support.cpp
[1.246s] -- Up-to-date: /home/danlil240/dev_ws/install/turtlesim/include/turtlesim/action
[1.246s] -- Up-to-date: /home/danlil240/dev_ws/install/turtlesim/include/turtlesim/action/detail
[1.247s] -- Up-to-date: /home/danlil240/dev_ws/install/turtlesim/include/turtlesim/action/detail/rotate_absolute__rosidl_typesupport_introspection_cpp.hpp
[1.247s] -- Up-to-date: /home/danlil240/dev_ws/install/turtlesim/include/turtlesim/action/detail/rotate_absolute__type_support.cpp
[1.247s] -- Up-to-date: /home/danlil240/dev_ws/install/turtlesim/include/turtlesim/msg
[1.247s] -- Up-to-date: /home/danlil240/dev_ws/install/turtlesim/include/turtlesim/msg/detail
[1.248s] -- Up-to-date: /home/danlil240/dev_ws/install/turtlesim/include/turtlesim/msg/detail/color__type_support.cpp
[1.248s] -- Up-to-date: /home/danlil240/dev_ws/install/turtlesim/include/turtlesim/msg/detail/pose__type_support.cpp
[1.248s] -- Up-to-date: /home/danlil240/dev_ws/install/turtlesim/include/turtlesim/msg/detail/pose__rosidl_typesupport_introspection_cpp.hpp
[1.248s] -- Up-to-date: /home/danlil240/dev_ws/install/turtlesim/include/turtlesim/msg/detail/color__rosidl_typesupport_introspection_cpp.hpp
[1.249s] -- Up-to-date: /home/danlil240/dev_ws/install/turtlesim/lib/libturtlesim__rosidl_typesupport_introspection_cpp.so
[1.249s] -- Up-to-date: /home/danlil240/dev_ws/install/turtlesim/lib/libturtlesim__rosidl_typesupport_cpp.so
[1.249s] -- Up-to-date: /home/danlil240/dev_ws/install/turtlesim/share/turtlesim/environment/pythonpath.sh
[1.249s] -- Up-to-date: /home/danlil240/dev_ws/install/turtlesim/share/turtlesim/environment/pythonpath.dsv
[1.250s] -- Up-to-date: /home/danlil240/dev_ws/install/turtlesim/lib/python3.8/site-packages/turtlesim/__init__.py
[1.306s] -- Up-to-date: /home/danlil240/dev_ws/install/turtlesim/lib/python3.8/site-packages/turtlesim/action
[1.307s] -- Up-to-date: /home/danlil240/dev_ws/install/turtlesim/lib/python3.8/site-packages/turtlesim/action/_rotate_absolute_s.c
[1.307s] -- Up-to-date: /home/danlil240/dev_ws/install/turtlesim/lib/python3.8/site-packages/turtlesim/action/_rotate_absolute.py
[1.308s] -- Up-to-date: /home/danlil240/dev_ws/install/turtlesim/lib/python3.8/site-packages/turtlesim/action/__init__.py
[1.308s] -- Up-to-date: /home/danlil240/dev_ws/install/turtlesim/lib/python3.8/site-packages/turtlesim/msg
[1.309s] -- Up-to-date: /home/danlil240/dev_ws/install/turtlesim/lib/python3.8/site-packages/turtlesim/msg/_pose.py
[1.309s] -- Up-to-date: /home/danlil240/dev_ws/install/turtlesim/lib/python3.8/site-packages/turtlesim/msg/_color.py
[1.310s] -- Up-to-date: /home/danlil240/dev_ws/install/turtlesim/lib/python3.8/site-packages/turtlesim/msg/_color_s.c
[1.310s] -- Up-to-date: /home/danlil240/dev_ws/install/turtlesim/lib/python3.8/site-packages/turtlesim/msg/_pose_s.c
[1.311s] -- Up-to-date: /home/danlil240/dev_ws/install/turtlesim/lib/python3.8/site-packages/turtlesim/msg/__init__.py
[1.311s] -- Up-to-date: /home/danlil240/dev_ws/install/turtlesim/lib/python3.8/site-packages/turtlesim/srv
[1.311s] -- Up-to-date: /home/danlil240/dev_ws/install/turtlesim/lib/python3.8/site-packages/turtlesim/srv/_teleport_relative.py
[1.312s] -- Up-to-date: /home/danlil240/dev_ws/install/turtlesim/lib/python3.8/site-packages/turtlesim/srv/_set_pen_s.c
[1.312s] -- Up-to-date: /home/danlil240/dev_ws/install/turtlesim/lib/python3.8/site-packages/turtlesim/srv/_teleport_absolute.py
[1.313s] -- Up-to-date: /home/danlil240/dev_ws/install/turtlesim/lib/python3.8/site-packages/turtlesim/srv/_teleport_relative_s.c
[1.313s] -- Up-to-date: /home/danlil240/dev_ws/install/turtlesim/lib/python3.8/site-packages/turtlesim/srv/_spawn_s.c
[1.314s] -- Up-to-date: /home/danlil240/dev_ws/install/turtlesim/lib/python3.8/site-packages/turtlesim/srv/_kill_s.c
[1.314s] -- Up-to-date: /home/danlil240/dev_ws/install/turtlesim/lib/python3.8/site-packages/turtlesim/srv/_set_pen.py
[1.314s] -- Up-to-date: /home/danlil240/dev_ws/install/turtlesim/lib/python3.8/site-packages/turtlesim/srv/_teleport_absolute_s.c
[1.315s] -- Up-to-date: /home/danlil240/dev_ws/install/turtlesim/lib/python3.8/site-packages/turtlesim/srv/__init__.py
[1.315s] -- Up-to-date: /home/danlil240/dev_ws/install/turtlesim/lib/python3.8/site-packages/turtlesim/srv/_kill.py
[1.315s] -- Up-to-date: /home/danlil240/dev_ws/install/turtlesim/lib/python3.8/site-packages/turtlesim/srv/_spawn.py
[1.316s] -- Up-to-date: /home/danlil240/dev_ws/install/turtlesim/lib/python3.8/site-packages/turtlesim/turtlesim_s__rosidl_typesupport_fastrtps_c.cpython-38-x86_64-linux-gnu.so
[1.316s] -- Up-to-date: /home/danlil240/dev_ws/install/turtlesim/lib/python3.8/site-packages/turtlesim/turtlesim_s__rosidl_typesupport_introspection_c.cpython-38-x86_64-linux-gnu.so
[1.317s] -- Up-to-date: /home/danlil240/dev_ws/install/turtlesim/lib/python3.8/site-packages/turtlesim/turtlesim_s__rosidl_typesupport_c.cpython-38-x86_64-linux-gnu.so
[1.318s] -- Up-to-date: /home/danlil240/dev_ws/install/turtlesim/lib/libturtlesim__python.so
[1.318s] -- Up-to-date: /home/danlil240/dev_ws/install/turtlesim/share/turtlesim/action/RotateAbsolute.idl
[1.319s] -- Up-to-date: /home/danlil240/dev_ws/install/turtlesim/share/turtlesim/msg/Color.idl
[1.320s] -- Up-to-date: /home/danlil240/dev_ws/install/turtlesim/share/turtlesim/msg/Pose.idl
[1.320s] -- Up-to-date: /home/danlil240/dev_ws/install/turtlesim/share/turtlesim/srv/Kill.idl
[1.320s] -- Up-to-date: /home/danlil240/dev_ws/install/turtlesim/share/turtlesim/srv/SetPen.idl
[1.320s] -- Up-to-date: /home/danlil240/dev_ws/install/turtlesim/share/turtlesim/srv/Spawn.idl
[1.321s] -- Up-to-date: /home/danlil240/dev_ws/install/turtlesim/share/turtlesim/srv/TeleportAbsolute.idl
[1.321s] -- Up-to-date: /home/danlil240/dev_ws/install/turtlesim/share/turtlesim/srv/TeleportRelative.idl
[1.322s] -- Up-to-date: /home/danlil240/dev_ws/install/turtlesim/share/turtlesim/action/RotateAbsolute.action
[1.322s] -- Up-to-date: /home/danlil240/dev_ws/install/turtlesim/share/turtlesim/msg/Color.msg
[1.322s] -- Up-to-date: /home/danlil240/dev_ws/install/turtlesim/share/turtlesim/msg/Pose.msg
[1.323s] -- Up-to-date: /home/danlil240/dev_ws/install/turtlesim/share/turtlesim/srv/Kill.srv
[1.323s] -- Up-to-date: /home/danlil240/dev_ws/install/turtlesim/share/turtlesim/srv/Kill_Request.msg
[1.324s] -- Up-to-date: /home/danlil240/dev_ws/install/turtlesim/share/turtlesim/srv/Kill_Response.msg
[1.325s] -- Up-to-date: /home/danlil240/dev_ws/install/turtlesim/share/turtlesim/srv/SetPen.srv
[1.326s] -- Up-to-date: /home/danlil240/dev_ws/install/turtlesim/share/turtlesim/srv/SetPen_Request.msg
[1.327s] -- Up-to-date: /home/danlil240/dev_ws/install/turtlesim/share/turtlesim/srv/SetPen_Response.msg
[1.327s] -- Up-to-date: /home/danlil240/dev_ws/install/turtlesim/share/turtlesim/srv/Spawn.srv
[1.327s] -- Up-to-date: /home/danlil240/dev_ws/install/turtlesim/share/turtlesim/srv/Spawn_Request.msg
[1.327s] -- Up-to-date: /home/danlil240/dev_ws/install/turtlesim/share/turtlesim/srv/Spawn_Response.msg
[1.328s] -- Up-to-date: /home/danlil240/dev_ws/install/turtlesim/share/turtlesim/srv/TeleportAbsolute.srv
[1.328s] -- Up-to-date: /home/danlil240/dev_ws/install/turtlesim/share/turtlesim/srv/TeleportAbsolute_Request.msg
[1.328s] -- Up-to-date: /home/danlil240/dev_ws/install/turtlesim/share/turtlesim/srv/TeleportAbsolute_Response.msg
[1.329s] -- Up-to-date: /home/danlil240/dev_ws/install/turtlesim/share/turtlesim/srv/TeleportRelative.srv
[1.329s] -- Up-to-date: /home/danlil240/dev_ws/install/turtlesim/share/turtlesim/srv/TeleportRelative_Request.msg
[1.329s] -- Up-to-date: /home/danlil240/dev_ws/install/turtlesim/share/turtlesim/srv/TeleportRelative_Response.msg
[1.329s] -- Up-to-date: /home/danlil240/dev_ws/install/turtlesim/lib/turtlesim/turtlesim_node
[1.330s] -- Up-to-date: /home/danlil240/dev_ws/install/turtlesim/lib/turtlesim/turtle_teleop_key
[1.331s] -- Up-to-date: /home/danlil240/dev_ws/install/turtlesim/lib/turtlesim/draw_square
[1.331s] -- Up-to-date: /home/danlil240/dev_ws/install/turtlesim/lib/turtlesim/mimic
[1.331s] -- Up-to-date: /home/danlil240/dev_ws/install/turtlesim/share/turtlesim/images
[1.332s] -- Up-to-date: /home/danlil240/dev_ws/install/turtlesim/share/turtlesim/images/dashing.png
[1.332s] -- Up-to-date: /home/danlil240/dev_ws/install/turtlesim/share/turtlesim/images/crystal.png
[1.332s] -- Up-to-date: /home/danlil240/dev_ws/install/turtlesim/share/turtlesim/images/bouncy.png
[1.333s] -- Up-to-date: /home/danlil240/dev_ws/install/turtlesim/share/turtlesim/images/foxy.png
[1.333s] -- Up-to-date: /home/danlil240/dev_ws/install/turtlesim/share/turtlesim/images/eloquent.png
[1.333s] -- Up-to-date: /home/danlil240/dev_ws/install/turtlesim/share/turtlesim/images/ardent.png
[1.333s] -- Up-to-date: /home/danlil240/dev_ws/install/turtlesim/share/turtlesim/launch
[1.333s] -- Up-to-date: /home/danlil240/dev_ws/install/turtlesim/share/turtlesim/launch/multisim.launch.py
[1.334s] -- Up-to-date: /home/danlil240/dev_ws/install/turtlesim/share/ament_index/resource_index/package_run_dependencies/turtlesim
[1.334s] -- Up-to-date: /home/danlil240/dev_ws/install/turtlesim/share/ament_index/resource_index/parent_prefix_path/turtlesim
[1.334s] -- Up-to-date: /home/danlil240/dev_ws/install/turtlesim/share/turtlesim/environment/ament_prefix_path.sh
[1.335s] -- Up-to-date: /home/danlil240/dev_ws/install/turtlesim/share/turtlesim/environment/ament_prefix_path.dsv
[1.338s] -- Up-to-date: /home/danlil240/dev_ws/install/turtlesim/share/turtlesim/environment/path.sh
[1.340s] -- Up-to-date: /home/danlil240/dev_ws/install/turtlesim/share/turtlesim/environment/path.dsv
[1.344s] -- Up-to-date: /home/danlil240/dev_ws/install/turtlesim/share/turtlesim/local_setup.bash
[1.345s] -- Up-to-date: /home/danlil240/dev_ws/install/turtlesim/share/turtlesim/local_setup.sh
[1.345s] -- Up-to-date: /home/danlil240/dev_ws/install/turtlesim/share/turtlesim/local_setup.zsh
[1.346s] -- Up-to-date: /home/danlil240/dev_ws/install/turtlesim/share/turtlesim/local_setup.dsv
[1.348s] -- Installing: /home/danlil240/dev_ws/install/turtlesim/share/turtlesim/package.dsv
[1.349s] -- Up-to-date: /home/danlil240/dev_ws/install/turtlesim/share/ament_index/resource_index/packages/turtlesim
[1.349s] -- Up-to-date: /home/danlil240/dev_ws/install/turtlesim/share/turtlesim/cmake/turtlesim__rosidl_generator_cExport.cmake
[1.350s] -- Up-to-date: /home/danlil240/dev_ws/install/turtlesim/share/turtlesim/cmake/turtlesim__rosidl_generator_cExport-noconfig.cmake
[1.350s] -- Up-to-date: /home/danlil240/dev_ws/install/turtlesim/share/turtlesim/cmake/turtlesim__rosidl_typesupport_introspection_cExport.cmake
[1.352s] -- Up-to-date: /home/danlil240/dev_ws/install/turtlesim/share/turtlesim/cmake/turtlesim__rosidl_typesupport_introspection_cExport-noconfig.cmake
[1.353s] -- Up-to-date: /home/danlil240/dev_ws/install/turtlesim/share/turtlesim/cmake/turtlesim__rosidl_typesupport_cExport.cmake
[1.353s] -- Up-to-date: /home/danlil240/dev_ws/install/turtlesim/share/turtlesim/cmake/turtlesim__rosidl_typesupport_cExport-noconfig.cmake
[1.354s] -- Up-to-date: /home/danlil240/dev_ws/install/turtlesim/share/turtlesim/cmake/turtlesim__rosidl_generator_cppExport.cmake
[1.354s] -- Up-to-date: /home/danlil240/dev_ws/install/turtlesim/share/turtlesim/cmake/turtlesim__rosidl_typesupport_introspection_cppExport.cmake
[1.355s] -- Up-to-date: /home/danlil240/dev_ws/install/turtlesim/share/turtlesim/cmake/turtlesim__rosidl_typesupport_introspection_cppExport-noconfig.cmake
[1.356s] -- Up-to-date: /home/danlil240/dev_ws/install/turtlesim/share/turtlesim/cmake/turtlesim__rosidl_typesupport_cppExport.cmake
[1.357s] -- Up-to-date: /home/danlil240/dev_ws/install/turtlesim/share/turtlesim/cmake/turtlesim__rosidl_typesupport_cppExport-noconfig.cmake
[1.357s] -- Up-to-date: /home/danlil240/dev_ws/install/turtlesim/share/turtlesim/cmake/rosidl_cmake-extras.cmake
[1.358s] -- Up-to-date: /home/danlil240/dev_ws/install/turtlesim/share/turtlesim/cmake/ament_cmake_export_dependencies-extras.cmake
[1.358s] -- Up-to-date: /home/danlil240/dev_ws/install/turtlesim/share/turtlesim/cmake/ament_cmake_export_libraries-extras.cmake
[1.359s] -- Up-to-date: /home/danlil240/dev_ws/install/turtlesim/share/turtlesim/cmake/ament_cmake_export_targets-extras.cmake
[1.360s] -- Up-to-date: /home/danlil240/dev_ws/install/turtlesim/share/turtlesim/cmake/ament_cmake_export_include_directories-extras.cmake
[1.361s] -- Up-to-date: /home/danlil240/dev_ws/install/turtlesim/share/turtlesim/cmake/rosidl_cmake_export_typesupport_libraries-extras.cmake
[1.362s] -- Up-to-date: /home/danlil240/dev_ws/install/turtlesim/share/turtlesim/cmake/rosidl_cmake_export_typesupport_targets-extras.cmake
[1.363s] -- Up-to-date: /home/danlil240/dev_ws/install/turtlesim/share/turtlesim/cmake/turtlesimConfig.cmake
[1.364s] -- Up-to-date: /home/danlil240/dev_ws/install/turtlesim/share/turtlesim/cmake/turtlesimConfig-version.cmake
[1.364s] -- Up-to-date: /home/danlil240/dev_ws/install/turtlesim/share/turtlesim/package.xml
[1.365s] Invoked command in '/home/danlil240/dev_ws/build/turtlesim' returned '0': CMAKE_PREFIX_PATH=/opt/ros/foxy /usr/bin/cmake --install /home/danlil240/dev_ws/build/turtlesim
