[0.058s] Invoking command in '/home/danlil240/dev_ws/build/turtlesim': CMAKE_PREFIX_PATH=${CMAKE_PREFIX_PATH}:/opt/ros/foxy /usr/bin/cmake --build /home/danlil240/dev_ws/build/turtlesim -- -j8 -l8
[0.204s] [  1%] Built target turtlesim__cpp
[0.224s] [ 11%] Built target turtlesim__rosidl_generator_c
[0.270s] [ 21%] Built target turtlesim__rosidl_typesupport_introspection_cpp
[0.276s] [ 31%] Built target turtlesim__rosidl_typesupport_cpp
[0.288s] [ 41%] Built target turtlesim__rosidl_typesupport_c
[0.290s] [ 51%] Built target turtlesim__rosidl_typesupport_introspection_c
[0.294s] [ 61%] Built target turtlesim__rosidl_typesupport_fastrtps_cpp
[0.354s] [ 71%] Built target turtlesim__rosidl_typesupport_fastrtps_c
[0.389s] [ 71%] Built target turtlesim
[0.452s] [ 72%] Built target turtlesim__py
[0.496s] [ 74%] Built target turtle_teleop_key
[0.500s] [ 76%] Built target mimic
[0.504s] [ 78%] Built target draw_square
[0.534s] [ 84%] Built target turtlesim_node
[0.540s] [ 93%] Built target turtlesim__python
[0.595s] [ 95%] Built target turtlesim__rosidl_typesupport_introspection_c__pyext
[0.602s] [ 97%] Built target turtlesim__rosidl_typesupport_fastrtps_c__pyext
[0.606s] [100%] Built target turtlesim__rosidl_typesupport_c__pyext
[0.633s] Invoked command in '/home/danlil240/dev_ws/build/turtlesim' returned '0': CMAKE_PREFIX_PATH=${CMAKE_PREFIX_PATH}:/opt/ros/foxy /usr/bin/cmake --build /home/danlil240/dev_ws/build/turtlesim -- -j8 -l8
[0.944s] Invoking command in '/home/danlil240/dev_ws/build/turtlesim': CMAKE_PREFIX_PATH=${CMAKE_PREFIX_PATH}:/opt/ros/foxy /usr/bin/cmake --install /home/danlil240/dev_ws/build/turtlesim
[0.960s] -- Install configuration: ""
[0.961s] -- Up-to-date: /home/danlil240/dev_ws/install/turtlesim/share/ament_index/resource_index/rosidl_interfaces/turtlesim
[0.962s] -- Up-to-date: /home/danlil240/dev_ws/install/turtlesim/include/turtlesim
[0.962s] -- Up-to-date: /home/danlil240/dev_ws/install/turtlesim/include/turtlesim/srv
[0.963s] -- Up-to-date: /home/danlil240/dev_ws/install/turtlesim/include/turtlesim/srv/set_pen.h
[0.963s] -- Up-to-date: /home/danlil240/dev_ws/install/turtlesim/include/turtlesim/srv/teleport_relative.h
[0.965s] -- Up-to-date: /home/danlil240/dev_ws/install/turtlesim/include/turtlesim/srv/kill.h
[0.965s] -- Up-to-date: /home/danlil240/dev_ws/install/turtlesim/include/turtlesim/srv/spawn.h
[0.966s] -- Up-to-date: /home/danlil240/dev_ws/install/turtlesim/include/turtlesim/srv/detail
[0.966s] -- Up-to-date: /home/danlil240/dev_ws/install/turtlesim/include/turtlesim/srv/detail/teleport_absolute__type_support.h
[0.967s] -- Up-to-date: /home/danlil240/dev_ws/install/turtlesim/include/turtlesim/srv/detail/teleport_relative__functions.h
[0.967s] -- Up-to-date: /home/danlil240/dev_ws/install/turtlesim/include/turtlesim/srv/detail/teleport_absolute__struct.h
[0.967s] -- Up-to-date: /home/danlil240/dev_ws/install/turtlesim/include/turtlesim/srv/detail/spawn__type_support.h
[0.968s] -- Up-to-date: /home/danlil240/dev_ws/install/turtlesim/include/turtlesim/srv/detail/teleport_absolute__functions.h
[0.969s] -- Up-to-date: /home/danlil240/dev_ws/install/turtlesim/include/turtlesim/srv/detail/set_pen__type_support.h
[0.969s] -- Up-to-date: /home/danlil240/dev_ws/install/turtlesim/include/turtlesim/srv/detail/kill__type_support.h
[0.969s] -- Up-to-date: /home/danlil240/dev_ws/install/turtlesim/include/turtlesim/srv/detail/set_pen__functions.c
[0.970s] -- Up-to-date: /home/danlil240/dev_ws/install/turtlesim/include/turtlesim/srv/detail/set_pen__functions.h
[0.970s] -- Up-to-date: /home/danlil240/dev_ws/install/turtlesim/include/turtlesim/srv/detail/teleport_relative__type_support.h
[0.970s] -- Up-to-date: /home/danlil240/dev_ws/install/turtlesim/include/turtlesim/srv/detail/kill__functions.c
[0.972s] -- Up-to-date: /home/danlil240/dev_ws/install/turtlesim/include/turtlesim/srv/detail/kill__functions.h
[0.972s] -- Up-to-date: /home/danlil240/dev_ws/install/turtlesim/include/turtlesim/srv/detail/spawn__struct.h
[0.972s] -- Up-to-date: /home/danlil240/dev_ws/install/turtlesim/include/turtlesim/srv/detail/teleport_relative__functions.c
[0.973s] -- Up-to-date: /home/danlil240/dev_ws/install/turtlesim/include/turtlesim/srv/detail/kill__struct.h
[0.973s] -- Up-to-date: /home/danlil240/dev_ws/install/turtlesim/include/turtlesim/srv/detail/teleport_relative__struct.h
[0.974s] -- Up-to-date: /home/danlil240/dev_ws/install/turtlesim/include/turtlesim/srv/detail/set_pen__struct.h
[0.974s] -- Up-to-date: /home/danlil240/dev_ws/install/turtlesim/include/turtlesim/srv/detail/spawn__functions.c
[0.974s] -- Up-to-date: /home/danlil240/dev_ws/install/turtlesim/include/turtlesim/srv/detail/spawn__functions.h
[0.975s] -- Up-to-date: /home/danlil240/dev_ws/install/turtlesim/include/turtlesim/srv/detail/teleport_absolute__functions.c
[0.976s] -- Up-to-date: /home/danlil240/dev_ws/install/turtlesim/include/turtlesim/srv/teleport_absolute.h
[0.976s] -- Up-to-date: /home/danlil240/dev_ws/install/turtlesim/include/turtlesim/action
[0.977s] -- Up-to-date: /home/danlil240/dev_ws/install/turtlesim/include/turtlesim/action/detail
[0.977s] -- Up-to-date: /home/danlil240/dev_ws/install/turtlesim/include/turtlesim/action/detail/rotate_absolute__type_support.h
[0.977s] -- Up-to-date: /home/danlil240/dev_ws/install/turtlesim/include/turtlesim/action/detail/rotate_absolute__functions.c
[0.977s] -- Up-to-date: /home/danlil240/dev_ws/install/turtlesim/include/turtlesim/action/detail/rotate_absolute__functions.h
[0.978s] -- Up-to-date: /home/danlil240/dev_ws/install/turtlesim/include/turtlesim/action/detail/rotate_absolute__struct.h
[0.978s] -- Up-to-date: /home/danlil240/dev_ws/install/turtlesim/include/turtlesim/action/rotate_absolute.h
[0.978s] -- Up-to-date: /home/danlil240/dev_ws/install/turtlesim/include/turtlesim/msg
[0.979s] -- Up-to-date: /home/danlil240/dev_ws/install/turtlesim/include/turtlesim/msg/detail
[0.979s] -- Up-to-date: /home/danlil240/dev_ws/install/turtlesim/include/turtlesim/msg/detail/pose__struct.h
[0.979s] -- Up-to-date: /home/danlil240/dev_ws/install/turtlesim/include/turtlesim/msg/detail/color__functions.h
[0.979s] -- Up-to-date: /home/danlil240/dev_ws/install/turtlesim/include/turtlesim/msg/detail/pose__functions.c
[0.980s] -- Up-to-date: /home/danlil240/dev_ws/install/turtlesim/include/turtlesim/msg/detail/pose__functions.h
[0.980s] -- Up-to-date: /home/danlil240/dev_ws/install/turtlesim/include/turtlesim/msg/detail/color__struct.h
[0.980s] -- Up-to-date: /home/danlil240/dev_ws/install/turtlesim/include/turtlesim/msg/detail/color__type_support.h
[0.981s] -- Up-to-date: /home/danlil240/dev_ws/install/turtlesim/include/turtlesim/msg/detail/pose__type_support.h
[0.982s] -- Up-to-date: /home/danlil240/dev_ws/install/turtlesim/include/turtlesim/msg/detail/color__functions.c
[0.982s] -- Up-to-date: /home/danlil240/dev_ws/install/turtlesim/include/turtlesim/msg/color.h
[0.983s] -- Up-to-date: /home/danlil240/dev_ws/install/turtlesim/include/turtlesim/msg/rosidl_generator_c__visibility_control.h
[0.985s] -- Up-to-date: /home/danlil240/dev_ws/install/turtlesim/include/turtlesim/msg/pose.h
[0.985s] -- Up-to-date: /home/danlil240/dev_ws/install/turtlesim/share/turtlesim/environment/library_path.sh
[0.985s] -- Up-to-date: /home/danlil240/dev_ws/install/turtlesim/share/turtlesim/environment/library_path.dsv
[0.985s] -- Up-to-date: /home/danlil240/dev_ws/install/turtlesim/lib/libturtlesim__rosidl_generator_c.so
[0.986s] -- Up-to-date: /home/danlil240/dev_ws/install/turtlesim/include/turtlesim
[0.986s] -- Up-to-date: /home/danlil240/dev_ws/install/turtlesim/include/turtlesim/srv
[0.986s] -- Up-to-date: /home/danlil240/dev_ws/install/turtlesim/include/turtlesim/srv/detail
[0.986s] -- Up-to-date: /home/danlil240/dev_ws/install/turtlesim/include/turtlesim/srv/detail/teleport_relative__rosidl_typesupport_fastrtps_c.h
[0.986s] -- Up-to-date: /home/danlil240/dev_ws/install/turtlesim/include/turtlesim/srv/detail/set_pen__rosidl_typesupport_fastrtps_c.h
[0.987s] -- Up-to-date: /home/danlil240/dev_ws/install/turtlesim/include/turtlesim/srv/detail/teleport_absolute__rosidl_typesupport_fastrtps_c.h
[0.987s] -- Up-to-date: /home/danlil240/dev_ws/install/turtlesim/include/turtlesim/srv/detail/spawn__rosidl_typesupport_fastrtps_c.h
[0.987s] -- Up-to-date: /home/danlil240/dev_ws/install/turtlesim/include/turtlesim/srv/detail/kill__rosidl_typesupport_fastrtps_c.h
[0.987s] -- Up-to-date: /home/danlil240/dev_ws/install/turtlesim/include/turtlesim/action
[0.987s] -- Up-to-date: /home/danlil240/dev_ws/install/turtlesim/include/turtlesim/action/detail
[0.987s] -- Up-to-date: /home/danlil240/dev_ws/install/turtlesim/include/turtlesim/action/detail/rotate_absolute__rosidl_typesupport_fastrtps_c.h
[0.988s] -- Up-to-date: /home/danlil240/dev_ws/install/turtlesim/include/turtlesim/msg
[0.988s] -- Up-to-date: /home/danlil240/dev_ws/install/turtlesim/include/turtlesim/msg/rosidl_typesupport_fastrtps_c__visibility_control.h
[0.988s] -- Up-to-date: /home/danlil240/dev_ws/install/turtlesim/include/turtlesim/msg/detail
[0.989s] -- Up-to-date: /home/danlil240/dev_ws/install/turtlesim/include/turtlesim/msg/detail/pose__rosidl_typesupport_fastrtps_c.h
[0.989s] -- Up-to-date: /home/danlil240/dev_ws/install/turtlesim/include/turtlesim/msg/detail/color__rosidl_typesupport_fastrtps_c.h
[0.989s] -- Up-to-date: /home/danlil240/dev_ws/install/turtlesim/lib/libturtlesim__rosidl_typesupport_fastrtps_c.so
[0.989s] -- Up-to-date: /home/danlil240/dev_ws/install/turtlesim/include/turtlesim
[0.989s] -- Up-to-date: /home/danlil240/dev_ws/install/turtlesim/include/turtlesim/srv
[0.989s] -- Up-to-date: /home/danlil240/dev_ws/install/turtlesim/include/turtlesim/srv/detail
[0.990s] -- Up-to-date: /home/danlil240/dev_ws/install/turtlesim/include/turtlesim/srv/detail/kill__rosidl_typesupport_fastrtps_cpp.hpp
[0.990s] -- Up-to-date: /home/danlil240/dev_ws/install/turtlesim/include/turtlesim/srv/detail/spawn__rosidl_typesupport_fastrtps_cpp.hpp
[0.990s] -- Up-to-date: /home/danlil240/dev_ws/install/turtlesim/include/turtlesim/srv/detail/teleport_relative__rosidl_typesupport_fastrtps_cpp.hpp
[0.990s] -- Up-to-date: /home/danlil240/dev_ws/install/turtlesim/include/turtlesim/srv/detail/dds_fastrtps
[0.990s] -- Up-to-date: /home/danlil240/dev_ws/install/turtlesim/include/turtlesim/srv/detail/teleport_absolute__rosidl_typesupport_fastrtps_cpp.hpp
[0.990s] -- Up-to-date: /home/danlil240/dev_ws/install/turtlesim/include/turtlesim/srv/detail/set_pen__rosidl_typesupport_fastrtps_cpp.hpp
[0.990s] -- Up-to-date: /home/danlil240/dev_ws/install/turtlesim/include/turtlesim/action
[0.991s] -- Up-to-date: /home/danlil240/dev_ws/install/turtlesim/include/turtlesim/action/detail
[0.991s] -- Up-to-date: /home/danlil240/dev_ws/install/turtlesim/include/turtlesim/action/detail/rotate_absolute__rosidl_typesupport_fastrtps_cpp.hpp
[0.991s] -- Up-to-date: /home/danlil240/dev_ws/install/turtlesim/include/turtlesim/action/detail/dds_fastrtps
[0.991s] -- Up-to-date: /home/danlil240/dev_ws/install/turtlesim/include/turtlesim/msg
[0.991s] -- Up-to-date: /home/danlil240/dev_ws/install/turtlesim/include/turtlesim/msg/rosidl_typesupport_fastrtps_cpp__visibility_control.h
[0.991s] -- Up-to-date: /home/danlil240/dev_ws/install/turtlesim/include/turtlesim/msg/detail
[0.991s] -- Up-to-date: /home/danlil240/dev_ws/install/turtlesim/include/turtlesim/msg/detail/color__rosidl_typesupport_fastrtps_cpp.hpp
[0.991s] -- Up-to-date: /home/danlil240/dev_ws/install/turtlesim/include/turtlesim/msg/detail/dds_fastrtps
[0.992s] -- Up-to-date: /home/danlil240/dev_ws/install/turtlesim/include/turtlesim/msg/detail/pose__rosidl_typesupport_fastrtps_cpp.hpp
[0.992s] -- Up-to-date: /home/danlil240/dev_ws/install/turtlesim/lib/libturtlesim__rosidl_typesupport_fastrtps_cpp.so
[0.992s] -- Up-to-date: /home/danlil240/dev_ws/install/turtlesim/include/turtlesim
[0.992s] -- Up-to-date: /home/danlil240/dev_ws/install/turtlesim/include/turtlesim/srv
[0.992s] -- Up-to-date: /home/danlil240/dev_ws/install/turtlesim/include/turtlesim/srv/detail
[0.993s] -- Up-to-date: /home/danlil240/dev_ws/install/turtlesim/include/turtlesim/srv/detail/kill__type_support.c
[0.993s] -- Up-to-date: /home/danlil240/dev_ws/install/turtlesim/include/turtlesim/srv/detail/kill__rosidl_typesupport_introspection_c.h
[0.993s] -- Up-to-date: /home/danlil240/dev_ws/install/turtlesim/include/turtlesim/srv/detail/teleport_relative__rosidl_typesupport_introspection_c.h
[0.993s] -- Up-to-date: /home/danlil240/dev_ws/install/turtlesim/include/turtlesim/srv/detail/set_pen__type_support.c
[0.993s] -- Up-to-date: /home/danlil240/dev_ws/install/turtlesim/include/turtlesim/srv/detail/teleport_relative__type_support.c
[0.994s] -- Up-to-date: /home/danlil240/dev_ws/install/turtlesim/include/turtlesim/srv/detail/spawn__rosidl_typesupport_introspection_c.h
[0.994s] -- Up-to-date: /home/danlil240/dev_ws/install/turtlesim/include/turtlesim/srv/detail/set_pen__rosidl_typesupport_introspection_c.h
[0.994s] -- Up-to-date: /home/danlil240/dev_ws/install/turtlesim/include/turtlesim/srv/detail/teleport_absolute__type_support.c
[0.994s] -- Up-to-date: /home/danlil240/dev_ws/install/turtlesim/include/turtlesim/srv/detail/teleport_absolute__rosidl_typesupport_introspection_c.h
[0.995s] -- Up-to-date: /home/danlil240/dev_ws/install/turtlesim/include/turtlesim/srv/detail/spawn__type_support.c
[0.995s] -- Up-to-date: /home/danlil240/dev_ws/install/turtlesim/include/turtlesim/action
[0.995s] -- Up-to-date: /home/danlil240/dev_ws/install/turtlesim/include/turtlesim/action/detail
[0.995s] -- Up-to-date: /home/danlil240/dev_ws/install/turtlesim/include/turtlesim/action/detail/rotate_absolute__rosidl_typesupport_introspection_c.h
[0.995s] -- Up-to-date: /home/danlil240/dev_ws/install/turtlesim/include/turtlesim/action/detail/rotate_absolute__type_support.c
[0.995s] -- Up-to-date: /home/danlil240/dev_ws/install/turtlesim/include/turtlesim/msg
[0.995s] -- Up-to-date: /home/danlil240/dev_ws/install/turtlesim/include/turtlesim/msg/rosidl_typesupport_introspection_c__visibility_control.h
[0.996s] -- Up-to-date: /home/danlil240/dev_ws/install/turtlesim/include/turtlesim/msg/detail
[0.996s] -- Up-to-date: /home/danlil240/dev_ws/install/turtlesim/include/turtlesim/msg/detail/color__type_support.c
[0.996s] -- Up-to-date: /home/danlil240/dev_ws/install/turtlesim/include/turtlesim/msg/detail/color__rosidl_typesupport_introspection_c.h
[0.996s] -- Up-to-date: /home/danlil240/dev_ws/install/turtlesim/include/turtlesim/msg/detail/pose__rosidl_typesupport_introspection_c.h
[0.996s] -- Up-to-date: /home/danlil240/dev_ws/install/turtlesim/include/turtlesim/msg/detail/pose__type_support.c
[0.996s] -- Up-to-date: /home/danlil240/dev_ws/install/turtlesim/lib/libturtlesim__rosidl_typesupport_introspection_c.so
[0.996s] -- Up-to-date: /home/danlil240/dev_ws/install/turtlesim/lib/libturtlesim__rosidl_typesupport_c.so
[0.997s] -- Up-to-date: /home/danlil240/dev_ws/install/turtlesim/include/turtlesim
[0.997s] -- Up-to-date: /home/danlil240/dev_ws/install/turtlesim/include/turtlesim/srv
[0.997s] -- Up-to-date: /home/danlil240/dev_ws/install/turtlesim/include/turtlesim/srv/kill.hpp
[0.997s] -- Up-to-date: /home/danlil240/dev_ws/install/turtlesim/include/turtlesim/srv/set_pen.hpp
[0.997s] -- Up-to-date: /home/danlil240/dev_ws/install/turtlesim/include/turtlesim/srv/spawn.hpp
[0.997s] -- Up-to-date: /home/danlil240/dev_ws/install/turtlesim/include/turtlesim/srv/detail
[0.997s] -- Up-to-date: /home/danlil240/dev_ws/install/turtlesim/include/turtlesim/srv/detail/set_pen__builder.hpp
[0.998s] -- Up-to-date: /home/danlil240/dev_ws/install/turtlesim/include/turtlesim/srv/detail/kill__builder.hpp
[0.998s] -- Up-to-date: /home/danlil240/dev_ws/install/turtlesim/include/turtlesim/srv/detail/kill__struct.hpp
[0.998s] -- Up-to-date: /home/danlil240/dev_ws/install/turtlesim/include/turtlesim/srv/detail/kill__traits.hpp
[0.998s] -- Up-to-date: /home/danlil240/dev_ws/install/turtlesim/include/turtlesim/srv/detail/teleport_relative__builder.hpp
[0.999s] -- Up-to-date: /home/danlil240/dev_ws/install/turtlesim/include/turtlesim/srv/detail/set_pen__traits.hpp
[0.999s] -- Up-to-date: /home/danlil240/dev_ws/install/turtlesim/include/turtlesim/srv/detail/spawn__builder.hpp
[0.999s] -- Up-to-date: /home/danlil240/dev_ws/install/turtlesim/include/turtlesim/srv/detail/teleport_relative__struct.hpp
[0.999s] -- Up-to-date: /home/danlil240/dev_ws/install/turtlesim/include/turtlesim/srv/detail/teleport_absolute__struct.hpp
[1.000s] -- Up-to-date: /home/danlil240/dev_ws/install/turtlesim/include/turtlesim/srv/detail/set_pen__struct.hpp
[1.000s] -- Up-to-date: /home/danlil240/dev_ws/install/turtlesim/include/turtlesim/srv/detail/teleport_absolute__builder.hpp
[1.000s] -- Up-to-date: /home/danlil240/dev_ws/install/turtlesim/include/turtlesim/srv/detail/teleport_relative__traits.hpp
[1.000s] -- Up-to-date: /home/danlil240/dev_ws/install/turtlesim/include/turtlesim/srv/detail/teleport_absolute__traits.hpp
[1.001s] -- Up-to-date: /home/danlil240/dev_ws/install/turtlesim/include/turtlesim/srv/detail/spawn__struct.hpp
[1.001s] -- Up-to-date: /home/danlil240/dev_ws/install/turtlesim/include/turtlesim/srv/detail/spawn__traits.hpp
[1.001s] -- Up-to-date: /home/danlil240/dev_ws/install/turtlesim/include/turtlesim/srv/teleport_absolute.hpp
[1.001s] -- Up-to-date: /home/danlil240/dev_ws/install/turtlesim/include/turtlesim/srv/teleport_relative.hpp
[1.001s] -- Up-to-date: /home/danlil240/dev_ws/install/turtlesim/include/turtlesim/action
[1.002s] -- Up-to-date: /home/danlil240/dev_ws/install/turtlesim/include/turtlesim/action/detail
[1.002s] -- Up-to-date: /home/danlil240/dev_ws/install/turtlesim/include/turtlesim/action/detail/rotate_absolute__traits.hpp
[1.002s] -- Up-to-date: /home/danlil240/dev_ws/install/turtlesim/include/turtlesim/action/detail/rotate_absolute__struct.hpp
[1.003s] -- Up-to-date: /home/danlil240/dev_ws/install/turtlesim/include/turtlesim/action/detail/rotate_absolute__builder.hpp
[1.003s] -- Up-to-date: /home/danlil240/dev_ws/install/turtlesim/include/turtlesim/action/rotate_absolute.hpp
[1.003s] -- Up-to-date: /home/danlil240/dev_ws/install/turtlesim/include/turtlesim/msg
[1.003s] -- Up-to-date: /home/danlil240/dev_ws/install/turtlesim/include/turtlesim/msg/pose.hpp
[1.003s] -- Up-to-date: /home/danlil240/dev_ws/install/turtlesim/include/turtlesim/msg/detail
[1.003s] -- Up-to-date: /home/danlil240/dev_ws/install/turtlesim/include/turtlesim/msg/detail/pose__traits.hpp
[1.003s] -- Up-to-date: /home/danlil240/dev_ws/install/turtlesim/include/turtlesim/msg/detail/pose__struct.hpp
[1.004s] -- Up-to-date: /home/danlil240/dev_ws/install/turtlesim/include/turtlesim/msg/detail/color__builder.hpp
[1.004s] -- Up-to-date: /home/danlil240/dev_ws/install/turtlesim/include/turtlesim/msg/detail/color__struct.hpp
[1.004s] -- Up-to-date: /home/danlil240/dev_ws/install/turtlesim/include/turtlesim/msg/detail/color__traits.hpp
[1.004s] -- Up-to-date: /home/danlil240/dev_ws/install/turtlesim/include/turtlesim/msg/detail/pose__builder.hpp
[1.004s] -- Up-to-date: /home/danlil240/dev_ws/install/turtlesim/include/turtlesim/msg/color.hpp
[1.004s] -- Up-to-date: /home/danlil240/dev_ws/install/turtlesim/include/turtlesim
[1.004s] -- Up-to-date: /home/danlil240/dev_ws/install/turtlesim/include/turtlesim/srv
[1.004s] -- Up-to-date: /home/danlil240/dev_ws/install/turtlesim/include/turtlesim/srv/detail
[1.005s] -- Up-to-date: /home/danlil240/dev_ws/install/turtlesim/include/turtlesim/srv/detail/spawn__type_support.cpp
[1.005s] -- Up-to-date: /home/danlil240/dev_ws/install/turtlesim/include/turtlesim/srv/detail/kill__rosidl_typesupport_introspection_cpp.hpp
[1.005s] -- Up-to-date: /home/danlil240/dev_ws/install/turtlesim/include/turtlesim/srv/detail/teleport_absolute__type_support.cpp
[1.005s] -- Up-to-date: /home/danlil240/dev_ws/install/turtlesim/include/turtlesim/srv/detail/teleport_absolute__rosidl_typesupport_introspection_cpp.hpp
[1.005s] -- Up-to-date: /home/danlil240/dev_ws/install/turtlesim/include/turtlesim/srv/detail/kill__type_support.cpp
[1.005s] -- Up-to-date: /home/danlil240/dev_ws/install/turtlesim/include/turtlesim/srv/detail/spawn__rosidl_typesupport_introspection_cpp.hpp
[1.005s] -- Up-to-date: /home/danlil240/dev_ws/install/turtlesim/include/turtlesim/srv/detail/set_pen__type_support.cpp
[1.005s] -- Up-to-date: /home/danlil240/dev_ws/install/turtlesim/include/turtlesim/srv/detail/teleport_relative__rosidl_typesupport_introspection_cpp.hpp
[1.006s] -- Up-to-date: /home/danlil240/dev_ws/install/turtlesim/include/turtlesim/srv/detail/set_pen__rosidl_typesupport_introspection_cpp.hpp
[1.006s] -- Up-to-date: /home/danlil240/dev_ws/install/turtlesim/include/turtlesim/srv/detail/teleport_relative__type_support.cpp
[1.006s] -- Up-to-date: /home/danlil240/dev_ws/install/turtlesim/include/turtlesim/action
[1.006s] -- Up-to-date: /home/danlil240/dev_ws/install/turtlesim/include/turtlesim/action/detail
[1.006s] -- Up-to-date: /home/danlil240/dev_ws/install/turtlesim/include/turtlesim/action/detail/rotate_absolute__rosidl_typesupport_introspection_cpp.hpp
[1.006s] -- Up-to-date: /home/danlil240/dev_ws/install/turtlesim/include/turtlesim/action/detail/rotate_absolute__type_support.cpp
[1.006s] -- Up-to-date: /home/danlil240/dev_ws/install/turtlesim/include/turtlesim/msg
[1.006s] -- Up-to-date: /home/danlil240/dev_ws/install/turtlesim/include/turtlesim/msg/detail
[1.007s] -- Up-to-date: /home/danlil240/dev_ws/install/turtlesim/include/turtlesim/msg/detail/color__type_support.cpp
[1.007s] -- Up-to-date: /home/danlil240/dev_ws/install/turtlesim/include/turtlesim/msg/detail/pose__type_support.cpp
[1.007s] -- Up-to-date: /home/danlil240/dev_ws/install/turtlesim/include/turtlesim/msg/detail/pose__rosidl_typesupport_introspection_cpp.hpp
[1.007s] -- Up-to-date: /home/danlil240/dev_ws/install/turtlesim/include/turtlesim/msg/detail/color__rosidl_typesupport_introspection_cpp.hpp
[1.007s] -- Up-to-date: /home/danlil240/dev_ws/install/turtlesim/lib/libturtlesim__rosidl_typesupport_introspection_cpp.so
[1.007s] -- Up-to-date: /home/danlil240/dev_ws/install/turtlesim/lib/libturtlesim__rosidl_typesupport_cpp.so
[1.008s] -- Up-to-date: /home/danlil240/dev_ws/install/turtlesim/share/turtlesim/environment/pythonpath.sh
[1.008s] -- Up-to-date: /home/danlil240/dev_ws/install/turtlesim/share/turtlesim/environment/pythonpath.dsv
[1.008s] -- Up-to-date: /home/danlil240/dev_ws/install/turtlesim/lib/python3.8/site-packages/turtlesim/__init__.py
[1.055s] -- Up-to-date: /home/danlil240/dev_ws/install/turtlesim/lib/python3.8/site-packages/turtlesim/action
[1.055s] -- Up-to-date: /home/danlil240/dev_ws/install/turtlesim/lib/python3.8/site-packages/turtlesim/action/_rotate_absolute_s.c
[1.056s] -- Up-to-date: /home/danlil240/dev_ws/install/turtlesim/lib/python3.8/site-packages/turtlesim/action/_rotate_absolute.py
[1.056s] -- Up-to-date: /home/danlil240/dev_ws/install/turtlesim/lib/python3.8/site-packages/turtlesim/action/__init__.py
[1.057s] -- Up-to-date: /home/danlil240/dev_ws/install/turtlesim/lib/python3.8/site-packages/turtlesim/msg
[1.057s] -- Up-to-date: /home/danlil240/dev_ws/install/turtlesim/lib/python3.8/site-packages/turtlesim/msg/_pose.py
[1.057s] -- Up-to-date: /home/danlil240/dev_ws/install/turtlesim/lib/python3.8/site-packages/turtlesim/msg/_color.py
[1.058s] -- Up-to-date: /home/danlil240/dev_ws/install/turtlesim/lib/python3.8/site-packages/turtlesim/msg/_color_s.c
[1.058s] -- Up-to-date: /home/danlil240/dev_ws/install/turtlesim/lib/python3.8/site-packages/turtlesim/msg/_pose_s.c
[1.058s] -- Up-to-date: /home/danlil240/dev_ws/install/turtlesim/lib/python3.8/site-packages/turtlesim/msg/__init__.py
[1.058s] -- Up-to-date: /home/danlil240/dev_ws/install/turtlesim/lib/python3.8/site-packages/turtlesim/srv
[1.058s] -- Up-to-date: /home/danlil240/dev_ws/install/turtlesim/lib/python3.8/site-packages/turtlesim/srv/_teleport_relative.py
[1.058s] -- Up-to-date: /home/danlil240/dev_ws/install/turtlesim/lib/python3.8/site-packages/turtlesim/srv/_set_pen_s.c
[1.058s] -- Up-to-date: /home/danlil240/dev_ws/install/turtlesim/lib/python3.8/site-packages/turtlesim/srv/_teleport_absolute.py
[1.059s] -- Up-to-date: /home/danlil240/dev_ws/install/turtlesim/lib/python3.8/site-packages/turtlesim/srv/_teleport_relative_s.c
[1.059s] -- Up-to-date: /home/danlil240/dev_ws/install/turtlesim/lib/python3.8/site-packages/turtlesim/srv/_spawn_s.c
[1.059s] -- Up-to-date: /home/danlil240/dev_ws/install/turtlesim/lib/python3.8/site-packages/turtlesim/srv/_kill_s.c
[1.059s] -- Up-to-date: /home/danlil240/dev_ws/install/turtlesim/lib/python3.8/site-packages/turtlesim/srv/_set_pen.py
[1.059s] -- Up-to-date: /home/danlil240/dev_ws/install/turtlesim/lib/python3.8/site-packages/turtlesim/srv/_teleport_absolute_s.c
[1.059s] -- Up-to-date: /home/danlil240/dev_ws/install/turtlesim/lib/python3.8/site-packages/turtlesim/srv/__init__.py
[1.059s] -- Up-to-date: /home/danlil240/dev_ws/install/turtlesim/lib/python3.8/site-packages/turtlesim/srv/_kill.py
[1.060s] -- Up-to-date: /home/danlil240/dev_ws/install/turtlesim/lib/python3.8/site-packages/turtlesim/srv/_spawn.py
[1.060s] -- Up-to-date: /home/danlil240/dev_ws/install/turtlesim/lib/python3.8/site-packages/turtlesim/turtlesim_s__rosidl_typesupport_fastrtps_c.cpython-38-x86_64-linux-gnu.so
[1.060s] -- Up-to-date: /home/danlil240/dev_ws/install/turtlesim/lib/python3.8/site-packages/turtlesim/turtlesim_s__rosidl_typesupport_introspection_c.cpython-38-x86_64-linux-gnu.so
[1.060s] -- Up-to-date: /home/danlil240/dev_ws/install/turtlesim/lib/python3.8/site-packages/turtlesim/turtlesim_s__rosidl_typesupport_c.cpython-38-x86_64-linux-gnu.so
[1.062s] -- Up-to-date: /home/danlil240/dev_ws/install/turtlesim/lib/libturtlesim__python.so
[1.063s] -- Up-to-date: /home/danlil240/dev_ws/install/turtlesim/share/turtlesim/action/RotateAbsolute.idl
[1.064s] -- Up-to-date: /home/danlil240/dev_ws/install/turtlesim/share/turtlesim/msg/Color.idl
[1.064s] -- Up-to-date: /home/danlil240/dev_ws/install/turtlesim/share/turtlesim/msg/Pose.idl
[1.065s] -- Up-to-date: /home/danlil240/dev_ws/install/turtlesim/share/turtlesim/srv/Kill.idl
[1.065s] -- Up-to-date: /home/danlil240/dev_ws/install/turtlesim/share/turtlesim/srv/SetPen.idl
[1.065s] -- Up-to-date: /home/danlil240/dev_ws/install/turtlesim/share/turtlesim/srv/Spawn.idl
[1.066s] -- Up-to-date: /home/danlil240/dev_ws/install/turtlesim/share/turtlesim/srv/TeleportAbsolute.idl
[1.066s] -- Up-to-date: /home/danlil240/dev_ws/install/turtlesim/share/turtlesim/srv/TeleportRelative.idl
[1.066s] -- Up-to-date: /home/danlil240/dev_ws/install/turtlesim/share/turtlesim/action/RotateAbsolute.action
[1.067s] -- Up-to-date: /home/danlil240/dev_ws/install/turtlesim/share/turtlesim/msg/Color.msg
[1.067s] -- Up-to-date: /home/danlil240/dev_ws/install/turtlesim/share/turtlesim/msg/Pose.msg
[1.067s] -- Up-to-date: /home/danlil240/dev_ws/install/turtlesim/share/turtlesim/srv/Kill.srv
[1.067s] -- Up-to-date: /home/danlil240/dev_ws/install/turtlesim/share/turtlesim/srv/Kill_Request.msg
[1.068s] -- Up-to-date: /home/danlil240/dev_ws/install/turtlesim/share/turtlesim/srv/Kill_Response.msg
[1.068s] -- Up-to-date: /home/danlil240/dev_ws/install/turtlesim/share/turtlesim/srv/SetPen.srv
[1.068s] -- Up-to-date: /home/danlil240/dev_ws/install/turtlesim/share/turtlesim/srv/SetPen_Request.msg
[1.069s] -- Up-to-date: /home/danlil240/dev_ws/install/turtlesim/share/turtlesim/srv/SetPen_Response.msg
[1.069s] -- Up-to-date: /home/danlil240/dev_ws/install/turtlesim/share/turtlesim/srv/Spawn.srv
[1.069s] -- Up-to-date: /home/danlil240/dev_ws/install/turtlesim/share/turtlesim/srv/Spawn_Request.msg
[1.070s] -- Up-to-date: /home/danlil240/dev_ws/install/turtlesim/share/turtlesim/srv/Spawn_Response.msg
[1.070s] -- Up-to-date: /home/danlil240/dev_ws/install/turtlesim/share/turtlesim/srv/TeleportAbsolute.srv
[1.070s] -- Up-to-date: /home/danlil240/dev_ws/install/turtlesim/share/turtlesim/srv/TeleportAbsolute_Request.msg
[1.070s] -- Up-to-date: /home/danlil240/dev_ws/install/turtlesim/share/turtlesim/srv/TeleportAbsolute_Response.msg
[1.070s] -- Up-to-date: /home/danlil240/dev_ws/install/turtlesim/share/turtlesim/srv/TeleportRelative.srv
[1.070s] -- Up-to-date: /home/danlil240/dev_ws/install/turtlesim/share/turtlesim/srv/TeleportRelative_Request.msg
[1.071s] -- Up-to-date: /home/danlil240/dev_ws/install/turtlesim/share/turtlesim/srv/TeleportRelative_Response.msg
[1.071s] -- Up-to-date: /home/danlil240/dev_ws/install/turtlesim/lib/turtlesim/turtlesim_node
[1.071s] -- Up-to-date: /home/danlil240/dev_ws/install/turtlesim/lib/turtlesim/turtle_teleop_key
[1.072s] -- Up-to-date: /home/danlil240/dev_ws/install/turtlesim/lib/turtlesim/draw_square
[1.072s] -- Up-to-date: /home/danlil240/dev_ws/install/turtlesim/lib/turtlesim/mimic
[1.072s] -- Up-to-date: /home/danlil240/dev_ws/install/turtlesim/share/turtlesim/images
[1.073s] -- Up-to-date: /home/danlil240/dev_ws/install/turtlesim/share/turtlesim/images/dashing.png
[1.073s] -- Up-to-date: /home/danlil240/dev_ws/install/turtlesim/share/turtlesim/images/crystal.png
[1.074s] -- Up-to-date: /home/danlil240/dev_ws/install/turtlesim/share/turtlesim/images/bouncy.png
[1.075s] -- Up-to-date: /home/danlil240/dev_ws/install/turtlesim/share/turtlesim/images/foxy.png
[1.075s] -- Up-to-date: /home/danlil240/dev_ws/install/turtlesim/share/turtlesim/images/eloquent.png
[1.075s] -- Up-to-date: /home/danlil240/dev_ws/install/turtlesim/share/turtlesim/images/ardent.png
[1.075s] -- Up-to-date: /home/danlil240/dev_ws/install/turtlesim/share/turtlesim/launch
[1.076s] -- Up-to-date: /home/danlil240/dev_ws/install/turtlesim/share/turtlesim/launch/multisim.launch.py
[1.076s] -- Up-to-date: /home/danlil240/dev_ws/install/turtlesim/share/ament_index/resource_index/package_run_dependencies/turtlesim
[1.076s] -- Up-to-date: /home/danlil240/dev_ws/install/turtlesim/share/ament_index/resource_index/parent_prefix_path/turtlesim
[1.076s] -- Up-to-date: /home/danlil240/dev_ws/install/turtlesim/share/turtlesim/environment/ament_prefix_path.sh
[1.076s] -- Up-to-date: /home/danlil240/dev_ws/install/turtlesim/share/turtlesim/environment/ament_prefix_path.dsv
[1.077s] -- Up-to-date: /home/danlil240/dev_ws/install/turtlesim/share/turtlesim/environment/path.sh
[1.077s] -- Up-to-date: /home/danlil240/dev_ws/install/turtlesim/share/turtlesim/environment/path.dsv
[1.078s] -- Up-to-date: /home/danlil240/dev_ws/install/turtlesim/share/turtlesim/local_setup.bash
[1.078s] -- Up-to-date: /home/danlil240/dev_ws/install/turtlesim/share/turtlesim/local_setup.sh
[1.079s] -- Up-to-date: /home/danlil240/dev_ws/install/turtlesim/share/turtlesim/local_setup.zsh
[1.079s] -- Up-to-date: /home/danlil240/dev_ws/install/turtlesim/share/turtlesim/local_setup.dsv
[1.079s] -- Installing: /home/danlil240/dev_ws/install/turtlesim/share/turtlesim/package.dsv
[1.080s] -- Up-to-date: /home/danlil240/dev_ws/install/turtlesim/share/ament_index/resource_index/packages/turtlesim
[1.080s] -- Up-to-date: /home/danlil240/dev_ws/install/turtlesim/share/turtlesim/cmake/turtlesim__rosidl_generator_cExport.cmake
[1.080s] -- Up-to-date: /home/danlil240/dev_ws/install/turtlesim/share/turtlesim/cmake/turtlesim__rosidl_generator_cExport-noconfig.cmake
[1.080s] -- Up-to-date: /home/danlil240/dev_ws/install/turtlesim/share/turtlesim/cmake/turtlesim__rosidl_typesupport_introspection_cExport.cmake
[1.082s] -- Up-to-date: /home/danlil240/dev_ws/install/turtlesim/share/turtlesim/cmake/turtlesim__rosidl_typesupport_introspection_cExport-noconfig.cmake
[1.082s] -- Up-to-date: /home/danlil240/dev_ws/install/turtlesim/share/turtlesim/cmake/turtlesim__rosidl_typesupport_cExport.cmake
[1.082s] -- Up-to-date: /home/danlil240/dev_ws/install/turtlesim/share/turtlesim/cmake/turtlesim__rosidl_typesupport_cExport-noconfig.cmake
[1.082s] -- Up-to-date: /home/danlil240/dev_ws/install/turtlesim/share/turtlesim/cmake/turtlesim__rosidl_generator_cppExport.cmake
[1.082s] -- Up-to-date: /home/danlil240/dev_ws/install/turtlesim/share/turtlesim/cmake/turtlesim__rosidl_typesupport_introspection_cppExport.cmake
[1.082s] -- Up-to-date: /home/danlil240/dev_ws/install/turtlesim/share/turtlesim/cmake/turtlesim__rosidl_typesupport_introspection_cppExport-noconfig.cmake
[1.082s] -- Up-to-date: /home/danlil240/dev_ws/install/turtlesim/share/turtlesim/cmake/turtlesim__rosidl_typesupport_cppExport.cmake
[1.083s] -- Up-to-date: /home/danlil240/dev_ws/install/turtlesim/share/turtlesim/cmake/turtlesim__rosidl_typesupport_cppExport-noconfig.cmake
[1.083s] -- Up-to-date: /home/danlil240/dev_ws/install/turtlesim/share/turtlesim/cmake/rosidl_cmake-extras.cmake
[1.083s] -- Up-to-date: /home/danlil240/dev_ws/install/turtlesim/share/turtlesim/cmake/ament_cmake_export_dependencies-extras.cmake
[1.083s] -- Up-to-date: /home/danlil240/dev_ws/install/turtlesim/share/turtlesim/cmake/ament_cmake_export_libraries-extras.cmake
[1.083s] -- Up-to-date: /home/danlil240/dev_ws/install/turtlesim/share/turtlesim/cmake/ament_cmake_export_targets-extras.cmake
[1.083s] -- Up-to-date: /home/danlil240/dev_ws/install/turtlesim/share/turtlesim/cmake/ament_cmake_export_include_directories-extras.cmake
[1.083s] -- Up-to-date: /home/danlil240/dev_ws/install/turtlesim/share/turtlesim/cmake/rosidl_cmake_export_typesupport_libraries-extras.cmake
[1.083s] -- Up-to-date: /home/danlil240/dev_ws/install/turtlesim/share/turtlesim/cmake/rosidl_cmake_export_typesupport_targets-extras.cmake
[1.084s] -- Up-to-date: /home/danlil240/dev_ws/install/turtlesim/share/turtlesim/cmake/turtlesimConfig.cmake
[1.084s] -- Up-to-date: /home/danlil240/dev_ws/install/turtlesim/share/turtlesim/cmake/turtlesimConfig-version.cmake
[1.084s] -- Up-to-date: /home/danlil240/dev_ws/install/turtlesim/share/turtlesim/package.xml
[1.091s] Invoked command in '/home/danlil240/dev_ws/build/turtlesim' returned '0': CMAKE_PREFIX_PATH=${CMAKE_PREFIX_PATH}:/opt/ros/foxy /usr/bin/cmake --install /home/danlil240/dev_ws/build/turtlesim
