[0.056s] Invoking command in '/home/danlil240/dev_ws/build/cpp_srvcli': CMAKE_PREFIX_PATH=${CMAKE_PREFIX_PATH}:/opt/ros/foxy /usr/bin/cmake /home/danlil240/dev_ws/src/cpp_srvcli -DCMAKE_INSTALL_PREFIX=/home/danlil240/dev_ws/install/cpp_srvcli
[0.806s] -- The C compiler identification is GNU 9.4.0
[1.715s] -- The CXX compiler identification is GNU 9.4.0
[2.189s] -- Check for working C compiler: /usr/bin/cc
[2.654s] -- Check for working C compiler: /usr/bin/cc -- works
[2.656s] -- Detecting C compiler ABI info
[3.072s] -- Detecting C compiler ABI info - done
[3.089s] -- Detecting C compile features
[3.090s] -- Detecting C compile features - done
[3.094s] -- Check for working CXX compiler: /usr/bin/c++
[3.512s] -- Check for working CXX compiler: /usr/bin/c++ -- works
[3.514s] -- Detecting CXX compiler ABI info
[3.961s] -- Detecting CXX compiler ABI info - done
[3.978s] -- Detecting CXX compile features
[3.979s] -- Detecting CXX compile features - done
[3.985s] -- Found ament_cmake: 0.9.9 (/opt/ros/foxy/share/ament_cmake/cmake)
[4.018s] -- Found PythonInterp: /usr/bin/python3 (found suitable version "3.8.10", minimum required is "3") 
[4.019s] -- Using PYTHON_EXECUTABLE: /usr/bin/python3
[4.288s] -- Found rclcpp: 2.4.1 (/opt/ros/foxy/share/rclcpp/cmake)
[5.034s] -- Using all available rosidl_typesupport_c: rosidl_typesupport_fastrtps_c;rosidl_typesupport_introspection_c
[5.046s] -- Found rosidl_adapter: 1.2.1 (/opt/ros/foxy/share/rosidl_adapter/cmake)
[10.392s] -- Found OpenSSL: /usr/lib/x86_64-linux-gnu/libcrypto.so (found version "1.1.1f")  
[15.501s] -- Found FastRTPS: /opt/ros/foxy/include  
[25.051s] -- Using all available rosidl_typesupport_cpp: rosidl_typesupport_fastrtps_cpp;rosidl_typesupport_introspection_cpp
[25.141s] -- Found rmw_implementation_cmake: 1.0.3 (/opt/ros/foxy/share/rmw_implementation_cmake/cmake)
[25.145s] -- Using RMW implementation 'rmw_fastrtps_cpp' as default
[25.146s] -- Looking for pthread.h
[25.689s] -- Looking for pthread.h - found
[25.689s] -- Performing Test CMAKE_HAVE_LIBC_PTHREAD
[26.224s] -- Performing Test CMAKE_HAVE_LIBC_PTHREAD - Failed
[26.224s] -- Looking for pthread_create in pthreads
[26.764s] -- Looking for pthread_create in pthreads - not found
[26.764s] -- Looking for pthread_create in pthread
[27.322s] -- Looking for pthread_create in pthread - found
[27.324s] -- Found Threads: TRUE  
[27.577s] -- Found example_interfaces: 0.9.1 (/opt/ros/foxy/share/example_interfaces/cmake)
[27.732s] -- Found ament_lint_auto: 0.9.6 (/opt/ros/foxy/share/ament_lint_auto/cmake)
[27.813s] -- Added test 'copyright' to check source files copyright and LICENSE
[27.815s] -- Added test 'cppcheck' to perform static code analysis on C / C++ code
[27.815s] -- Configured cppcheck include dirs: 
[27.815s] -- Configured cppcheck exclude dirs and/or files: 
[27.816s] -- Added test 'cpplint' to check C / C++ code against the Google style
[27.816s] -- Configured cpplint exclude dirs and/or files: 
[27.817s] -- Added test 'lint_cmake' to check CMake code style
[27.819s] -- Added test 'uncrustify' to check C / C++ code style
[27.819s] -- Configured uncrustify additional arguments: 
[27.819s] -- Added test 'xmllint' to check XML markup files
[27.823s] -- Configuring done
[27.834s] -- Generating done
[27.836s] -- Build files have been written to: /home/danlil240/dev_ws/build/cpp_srvcli
[27.845s] Invoked command in '/home/danlil240/dev_ws/build/cpp_srvcli' returned '0': CMAKE_PREFIX_PATH=${CMAKE_PREFIX_PATH}:/opt/ros/foxy /usr/bin/cmake /home/danlil240/dev_ws/src/cpp_srvcli -DCMAKE_INSTALL_PREFIX=/home/danlil240/dev_ws/install/cpp_srvcli
[27.850s] Invoking command in '/home/danlil240/dev_ws/build/cpp_srvcli': CMAKE_PREFIX_PATH=${CMAKE_PREFIX_PATH}:/opt/ros/foxy /usr/bin/cmake --build /home/danlil240/dev_ws/build/cpp_srvcli -- -j8 -l8
[27.895s] [35m[1mScanning dependencies of target server[0m
[27.961s] [ 50%] [32mBuilding CXX object CMakeFiles/server.dir/src/add_two_ints_server.cpp.o[0m
[33.425s] [100%] [32m[1mLinking CXX executable server[0m
[34.171s] [100%] Built target server
[34.189s] Invoked command in '/home/danlil240/dev_ws/build/cpp_srvcli' returned '0': CMAKE_PREFIX_PATH=${CMAKE_PREFIX_PATH}:/opt/ros/foxy /usr/bin/cmake --build /home/danlil240/dev_ws/build/cpp_srvcli -- -j8 -l8
[34.229s] Invoking command in '/home/danlil240/dev_ws/build/cpp_srvcli': CMAKE_PREFIX_PATH=${CMAKE_PREFIX_PATH}:/opt/ros/foxy /usr/bin/cmake --install /home/danlil240/dev_ws/build/cpp_srvcli
[34.242s] -- Install configuration: ""
[34.242s] -- Installing: /home/danlil240/dev_ws/install/cpp_srvcli/lib/cpp_srvcli/server
[34.243s] -- Set runtime path of "/home/danlil240/dev_ws/install/cpp_srvcli/lib/cpp_srvcli/server" to ""
[34.244s] -- Installing: /home/danlil240/dev_ws/install/cpp_srvcli/share/ament_index/resource_index/package_run_dependencies/cpp_srvcli
[34.245s] -- Installing: /home/danlil240/dev_ws/install/cpp_srvcli/share/ament_index/resource_index/parent_prefix_path/cpp_srvcli
[34.245s] -- Installing: /home/danlil240/dev_ws/install/cpp_srvcli/share/cpp_srvcli/environment/ament_prefix_path.sh
[34.246s] -- Installing: /home/danlil240/dev_ws/install/cpp_srvcli/share/cpp_srvcli/environment/ament_prefix_path.dsv
[34.246s] -- Installing: /home/danlil240/dev_ws/install/cpp_srvcli/share/cpp_srvcli/environment/path.sh
[34.246s] -- Installing: /home/danlil240/dev_ws/install/cpp_srvcli/share/cpp_srvcli/environment/path.dsv
[34.247s] -- Installing: /home/danlil240/dev_ws/install/cpp_srvcli/share/cpp_srvcli/local_setup.bash
[34.247s] -- Installing: /home/danlil240/dev_ws/install/cpp_srvcli/share/cpp_srvcli/local_setup.sh
[34.248s] -- Installing: /home/danlil240/dev_ws/install/cpp_srvcli/share/cpp_srvcli/local_setup.zsh
[34.248s] -- Installing: /home/danlil240/dev_ws/install/cpp_srvcli/share/cpp_srvcli/local_setup.dsv
[34.248s] -- Installing: /home/danlil240/dev_ws/install/cpp_srvcli/share/cpp_srvcli/package.dsv
[34.249s] -- Installing: /home/danlil240/dev_ws/install/cpp_srvcli/share/ament_index/resource_index/packages/cpp_srvcli
[34.250s] -- Installing: /home/danlil240/dev_ws/install/cpp_srvcli/share/cpp_srvcli/cmake/cpp_srvcliConfig.cmake
[34.250s] -- Installing: /home/danlil240/dev_ws/install/cpp_srvcli/share/cpp_srvcli/cmake/cpp_srvcliConfig-version.cmake
[34.250s] -- Installing: /home/danlil240/dev_ws/install/cpp_srvcli/share/cpp_srvcli/package.xml
[34.253s] Invoked command in '/home/danlil240/dev_ws/build/cpp_srvcli' returned '0': CMAKE_PREFIX_PATH=${CMAKE_PREFIX_PATH}:/opt/ros/foxy /usr/bin/cmake --install /home/danlil240/dev_ws/build/cpp_srvcli
